0.000184116 0.972218
0.00036918 0.972148
0.000555194 0.972078
0.000742162 0.972008
0.000930087 0.971937
0.00111897 0.971867
0.00130882 0.971797
0.00149964 0.971726
0.00169143 0.971656
0.0018842 0.971585
0.00207794 0.971514
0.00227267 0.971443
0.00246838 0.971372
0.00266508 0.971301
0.00286277 0.97123
0.00306145 0.971159
0.00326114 0.971088
0.00346183 0.971016
0.00366353 0.970945
0.00386623 0.970873
0.00406995 0.970802
0.00427469 0.97073
0.00448045 0.970658
0.00468723 0.970586
0.00489504 0.970514
0.00510388 0.970442
0.00531376 0.97037
0.00552467 0.970298
0.00573663 0.970226
0.00594963 0.970153
0.00616369 0.970081
0.00637879 0.970008
0.00659496 0.969936
0.00681218 0.969863
0.00703046 0.96979
0.00724982 0.969717
0.00747024 0.969644
0.00769175 0.969571
0.00791432 0.969498
0.00813799 0.969425
0.00836273 0.969351
0.00858857 0.969278
0.0088155 0.969204
0.00904353 0.969131
0.00927266 0.969057
0.00950289 0.968984
0.00973423 0.96891
0.00996668 0.968836
0.0102003 0.968762
0.0104349 0.968688
0.0106707 0.968613
0.0109077 0.968539
0.0111458 0.968465
0.011385 0.96839
0.0116253 0.968316
0.0118668 0.968241
0.0121094 0.968167
0.0123532 0.968092
0.0125981 0.968017
0.0128442 0.967942
0.0130914 0.967867
0.0133399 0.967792
0.0135894 0.967717
0.0138402 0.967641
0.0140921 0.967566
0.0143452 0.96749
0.0145995 0.967415
0.014855 0.967339
0.0151117 0.967264
0.0153695 0.967188
0.0156286 0.967112
0.0158889 0.967036
0.0161503 0.96696
0.016413 0.966884
0.0166769 0.966807
0.016942 0.966731
0.0172084 0.966655
0.0174759 0.966578
0.0177447 0.966502
0.0180148 0.966425
0.018286 0.966348
0.0185585 0.966272
0.0188323 0.966195
0.0191073 0.966118
0.0193836 0.966041
0.0196611 0.965963
0.0199399 0.965886
0.0202199 0.965809
0.0205012 0.965731
0.0207838 0.965654
0.0210677 0.965576
0.0213528 0.965499
0.0216392 0.965421
0.0219269 0.965343
0.0222159 0.965265
0.0225063 0.965187
0.0227979 0.965109
0.0230908 0.965031
0.023385 0.964953
0.0236805 0.964874
0.0239774 0.964796
0.0242756 0.964717
0.0245751 0.964639
0.0248759 0.96456
0.025178 0.964481
0.0254815 0.964402
0.0257864 0.964324
0.0260926 0.964244
0.0264001 0.964165
0.026709 0.964086
0.0270192 0.964007
0.0273308 0.963928
0.0276438 0.963848
0.0279581 0.963769
0.0282739 0.963689
0.0285909 0.963609
0.0289094 0.96353
0.0292293 0.96345
0.0295505 0.96337
0.0298732 0.96329
0.0301972 0.96321
0.0305227 0.963129
0.0308495 0.963049
0.0311778 0.962969
0.0315075 0.962888
0.0318386 0.962808
0.0321711 0.962727
0.032505 0.962646
0.0328404 0.962566
0.0331772 0.962485
0.0335155 0.962404
0.0338552 0.962323
0.0341963 0.962242
0.0345389 0.96216
0.034883 0.962079
0.0352285 0.961998
0.0355755 0.961916
0.0359239 0.961835
0.0362738 0.961753
0.0366253 0.961671
0.0369781 0.961589
0.0373325 0.961508
0.0376884 0.961426
0.0380457 0.961344
0.0384046 0.961261
0.0387649 0.961179
0.0391268 0.961097
0.0394902 0.961014
0.0398551 0.960932
0.0402215 0.960849
0.0405894 0.960767
0.0409589 0.960684
0.0413299 0.960601
0.0417024 0.960518
0.0420765 0.960435
0.0424521 0.960352
0.0428292 0.960269
0.043208 0.960186
0.0435882 0.960103
0.0439701 0.960019
0.0443535 0.959936
0.0447385 0.959852
0.045125 0.959769
0.0455132 0.959685
0.0459029 0.959601
0.0462942 0.959517
0.0466871 0.959433
0.0470816 0.959349
0.0474777 0.959265
0.0478754 0.959181
0.0482747 0.959096
0.0486757 0.959012
0.0490782 0.958927
0.0494824 0.958843
0.0498882 0.958758
0.0502956 0.958674
0.0507047 0.958589
0.0511154 0.958504
0.0515277 0.958419
0.0519417 0.958334
0.0523574 0.958249
0.0527747 0.958163
0.0531937 0.958078
0.0536143 0.957993
0.0540367 0.957907
0.0544606 0.957822
0.0548863 0.957736
0.0553137 0.95765
0.0557427 0.957564
0.0561735 0.957479
0.0566059 0.957392
0.05704 0.957306
0.0574759 0.95722
0.0579134 0.957134
0.0583527 0.957048
0.0587937 0.956961
0.0592364 0.956875
0.0596809 0.956788
0.0601271 0.956702
0.060575 0.956615
0.0610246 0.956528
0.061476 0.956441
0.0619292 0.956354
0.0623841 0.956267
0.0628408 0.95618
0.0632992 0.956093
0.0637594 0.956005
0.0642214 0.955918
0.0646852 0.95583
0.0651507 0.955743
0.065618 0.955655
0.0660872 0.955567
0.0665581 0.95548
0.0670308 0.955392
0.0675053 0.955304
0.0679816 0.955216
0.0684598 0.955128
0.0689398 0.955039
0.0694215 0.954951
0.0699052 0.954863
0.0703906 0.954774
0.0708779 0.954685
0.071367 0.954597
0.071858 0.954508
0.0723508 0.954419
0.0728455 0.95433
0.073342 0.954241
0.0738404 0.954152
0.0743407 0.954063
0.0748428 0.953974
0.0753468 0.953885
0.0758527 0.953795
0.0763605 0.953706
0.0768702 0.953616
0.0773817 0.953526
0.0778952 0.953437
0.0784106 0.953347
0.0789279 0.953257
0.0794471 0.953167
0.0799682 0.953077
0.0804912 0.952987
0.0810162 0.952897
0.0815431 0.952806
0.082072 0.952716
0.0826027 0.952626
0.0831355 0.952535
0.0836701 0.952444
0.0842068 0.952354
0.0847454 0.952263
0.0852859 0.952172
0.0858284 0.952081
0.0863729 0.95199
0.0869194 0.951899
0.0874679 0.951807
0.0880183 0.951716
0.0885708 0.951625
0.0891252 0.951533
0.0896816 0.951442
0.0902401 0.95135
0.0908005 0.951258
0.091363 0.951167
0.0919275 0.951075
0.092494 0.950983
0.0930626 0.950891
0.0936331 0.950799
0.0942058 0.950706
0.0947804 0.950614
0.0953571 0.950522
0.0959359 0.950429
0.0965167 0.950337
0.0970996 0.950244
0.0976845 0.950152
0.0982716 0.950059
0.0988606 0.949966
0.0994518 0.949873
0.100045 0.94978
0.10064 0.949687
0.101238 0.949594
0.101837 0.9495
0.102439 0.949407
0.103043 0.949313
0.103649 0.94922
0.104257 0.949126
0.104867 0.949033
0.105479 0.948939
0.106093 0.948845
0.10671 0.948751
0.107328 0.948657
0.107949 0.948563
0.108572 0.948469
0.109197 0.948375
0.109825 0.94828
0.110454 0.948186
0.111086 0.948091
0.111719 0.947997
0.112355 0.947902
0.112993 0.947807
0.113634 0.947712
0.114276 0.947618
0.114921 0.947523
0.115568 0.947428
0.116217 0.947332
0.116868 0.947237
0.117522 0.947142
0.118178 0.947046
0.118836 0.946951
0.119496 0.946855
0.120158 0.94676
0.120823 0.946664
0.12149 0.946568
0.122159 0.946472
0.12283 0.946376
0.123504 0.94628
0.12418 0.946184
0.124858 0.946088
0.125539 0.945992
0.126222 0.945895
0.126907 0.945799
0.127594 0.945702
0.128284 0.945606
0.128976 0.945509
0.12967 0.945412
0.130366 0.945315
0.131065 0.945218
0.131766 0.945121
0.13247 0.945024
0.133176 0.944927
0.133884 0.94483
0.134594 0.944732
0.135307 0.944635
0.136022 0.944537
0.13674 0.94444
0.13746 0.944342
0.138182 0.944244
0.138906 0.944146
0.139633 0.944048
0.140363 0.94395
0.141094 0.943852
0.141828 0.943754
0.142565 0.943656
0.143304 0.943558
0.144045 0.943459
0.144789 0.943361
0.145535 0.943262
0.146283 0.943163
0.147034 0.943065
0.147787 0.942966
0.148543 0.942867
0.149301 0.942768
0.150062 0.942669
0.150825 0.94257
0.15159 0.94247
0.152358 0.942371
0.153128 0.942272
0.153901 0.942172
0.154677 0.942073
0.155454 0.941973
0.156235 0.941873
0.157017 0.941774
0.157802 0.941674
0.15859 0.941574
0.15938 0.941474
0.160173 0.941374
0.160968 0.941273
0.161766 0.941173
0.162566 0.941073
0.163368 0.940972
0.164174 0.940872
0.164981 0.940771
0.165792 0.94067
0.166604 0.94057
0.16742 0.940469
0.168238 0.940368
0.169058 0.940267
0.169881 0.940166
0.170706 0.940065
0.171535 0.939963
0.172365 0.939862
0.173198 0.939761
0.174034 0.939659
0.174873 0.939558
0.175713 0.939456
0.176557 0.939354
0.177403 0.939252
0.178252 0.93915
0.179103 0.939049
0.179957 0.938946
0.180814 0.938844
0.181673 0.938742
0.182535 0.93864
0.183399 0.938537
0.184266 0.938435
0.185136 0.938332
0.186008 0.93823
0.186883 0.938127
0.187761 0.938024
0.188641 0.937922
0.189524 0.937819
0.19041 0.937716
0.191298 0.937612
0.192189 0.937509
0.193083 0.937406
0.193979 0.937303
0.194878 0.937199
0.19578 0.937096
0.196684 0.936992
0.197591 0.936889
0.198501 0.936785
0.199413 0.936681
0.200329 0.936577
0.201247 0.936473
0.202167 0.936369
0.203091 0.936265
0.204017 0.936161
0.204946 0.936056
0.205877 0.935952
0.206812 0.935847
0.207749 0.935743
0.208689 0.935638
0.209631 0.935534
0.210577 0.935429
0.211525 0.935324
0.212476 0.935219
0.21343 0.935114
0.214386 0.935009
0.215346 0.934904
0.216308 0.934798
0.217273 0.934693
0.21824 0.934588
0.219211 0.934482
0.220184 0.934377
0.221161 0.934271
0.22214 0.934165
0.223121 0.93406
0.224106 0.933954
0.225094 0.933848
0.226084 0.933742
0.227077 0.933635
0.228073 0.933529
0.229072 0.933423
0.230074 0.933317
0.231079 0.93321
0.232086 0.933104
0.233096 0.932997
0.23411 0.93289
0.235126 0.932783
0.236145 0.932677
0.237167 0.93257
0.238192 0.932463
0.239219 0.932356
0.24025 0.932248
0.241283 0.932141
0.24232 0.932034
0.243359 0.931926
0.244402 0.931819
0.245447 0.931711
0.246495 0.931604
0.247546 0.931496
0.2486 0.931388
0.249657 0.93128
0.250717 0.931172
0.25178 0.931064
0.252846 0.930956
0.253915 0.930848
0.254987 0.93074
0.256061 0.930631
0.257139 0.930523
0.25822 0.930414
0.259304 0.930306
0.26039 0.930197
0.26148 0.930088
0.262573 0.92998
0.263669 0.929871
0.264767 0.929762
0.265869 0.929653
0.266974 0.929544
0.268082 0.929434
0.269193 0.929325
0.270307 0.929216
0.271423 0.929106
0.272543 0.928997
0.273666 0.928887
0.274793 0.928777
0.275922 0.928668
0.277054 0.928558
0.278189 0.928448
0.279327 0.928338
0.280469 0.928228
0.281613 0.928117
0.282761 0.928007
0.283912 0.927897
0.285065 0.927786
0.286222 0.927676
0.287382 0.927565
0.288545 0.927455
0.289711 0.927344
0.290881 0.927233
0.292053 0.927122
0.293229 0.927011
0.294407 0.9269
0.295589 0.926789
0.296774 0.926678
0.297962 0.926567
0.299153 0.926455
0.300348 0.926344
0.301545 0.926232
0.302746 0.926121
0.30395 0.926009
0.305157 0.925898
0.306367 0.925786
0.30758 0.925674
0.308797 0.925562
0.310017 0.92545
0.311239 0.925338
0.312466 0.925225
0.313695 0.925113
0.314927 0.925001
0.316163 0.924888
0.317402 0.924776
0.318644 0.924663
0.31989 0.92455
0.321138 0.924438
0.32239 0.924325
0.323645 0.924212
0.324903 0.924099
0.326165 0.923986
0.32743 0.923873
0.328698 0.92376
0.329969 0.923646
0.331244 0.923533
0.332522 0.923419
0.333803 0.923306
0.335087 0.923192
0.336375 0.923079
0.337666 0.922965
0.33896 0.922851
0.340257 0.922737
0.341558 0.922623
0.342862 0.922509
0.34417 0.922395
0.34548 0.92228
0.346794 0.922166
0.348112 0.922052
0.349432 0.921937
0.350756 0.921823
0.352084 0.921708
0.353414 0.921593
0.354748 0.921479
0.356086 0.921364
0.357426 0.921249
0.35877 0.921134
0.360118 0.921019
0.361468 0.920904
0.362822 0.920788
0.36418 0.920673
0.365541 0.920558
0.366905 0.920442
0.368273 0.920327
0.369643 0.920211
0.371018 0.920095
0.372396 0.91998
0.373777 0.919864
0.375161 0.919747
0.376549 0.919632
0.37794 0.919515
0.379335 0.919399
0.380733 0.919283
0.382135 0.919167
0.38354 0.91905
0.384948 0.918934
0.38636 0.918817
0.387776 0.918701
0.389194 0.918584
0.390617 0.918467
0.392042 0.91835
0.393471 0.918233
0.394904 0.918116
0.39634 0.917999
0.397779 0.917882
0.399222 0.917765
0.400669 0.917647
0.402119 0.91753
0.403572 0.917412
0.405029 0.917295
0.406489 0.917177
0.407953 0.917059
0.40942 0.916942
0.410891 0.916824
0.412365 0.916706
0.413843 0.916588
0.415325 0.91647
0.41681 0.916352
0.418298 0.916233
0.41979 0.916115
0.421285 0.915997
0.422784 0.915878
0.424287 0.91576
0.425793 0.915641
0.427302 0.915522
0.428816 0.915403
0.430332 0.915285
0.431853 0.915166
0.433376 0.915047
0.434904 0.914927
0.436435 0.914808
0.437969 0.914689
0.439507 0.91457
0.441049 0.91445
0.442594 0.914331
0.444143 0.914211
0.445695 0.914092
0.447251 0.913972
0.448811 0.913852
0.450374 0.913732
0.451941 0.913612
0.453511 0.913492
0.455086 0.913372
0.456663 0.913252
0.458244 0.913132
0.459829 0.913012
0.461418 0.912891
0.46301 0.912771
0.464606 0.91265
0.466205 0.91253
0.467808 0.912409
0.469415 0.912288
0.471025 0.912167
0.472639 0.912046
0.474257 0.911925
0.475879 0.911804
0.477504 0.911683
0.479132 0.911562
0.480765 0.91144
0.482401 0.911319
0.48404 0.911198
0.485684 0.911076
0.487331 0.910954
0.488982 0.910833
0.490636 0.910711
0.492294 0.910589
0.493956 0.910467
0.495622 0.910345
0.497291 0.910223
0.498964 0.910101
0.500641 0.909979
0.502321 0.909856
0.504005 0.909734
0.505693 0.909612
0.507385 0.909489
0.50908 0.909366
0.510779 0.909244
0.512482 0.909121
0.514188 0.908998
0.515899 0.908875
0.517613 0.908752
0.51933 0.908629
0.521052 0.908506
0.522777 0.908383
0.524506 0.90826
0.526239 0.908136
0.527976 0.908013
0.529716 0.907889
0.53146 0.907766
0.533208 0.907642
0.53496 0.907518
0.536716 0.907395
0.538475 0.907271
0.540238 0.907147
0.542005 0.907023
0.543776 0.906899
0.54555 0.906774
0.547329 0.90665
0.549111 0.906526
0.550897 0.906401
0.552686 0.906277
0.55448 0.906152
0.556277 0.906028
0.558079 0.905903
0.559884 0.905778
0.561693 0.905653
0.563505 0.905528
0.565322 0.905404
0.567142 0.905278
0.568967 0.905153
0.570795 0.905028
0.572627 0.904903
0.574463 0.904777
0.576302 0.904652
0.578146 0.904526
0.579993 0.904401
0.581845 0.904275
0.5837 0.904149
0.585559 0.904023
0.587422 0.903897
0.589289 0.903771
0.591159 0.903645
0.593034 0.903519
0.594913 0.903393
0.596795 0.903267
0.598681 0.90314
0.600571 0.903014
0.602465 0.902887
0.604363 0.902761
0.606265 0.902634
0.608171 0.902508
0.610081 0.902381
0.611995 0.902254
0.613912 0.902127
0.615834 0.902
0.617759 0.901873
0.619688 0.901745
0.621622 0.901618
0.623559 0.901491
0.6255 0.901364
0.627445 0.901236
0.629394 0.901109
0.631347 0.900981
0.633304 0.900853
0.635265 0.900725
0.63723 0.900598
0.639199 0.90047
0.641172 0.900342
0.643148 0.900214
0.645129 0.900085
0.647114 0.899957
0.649103 0.899829
0.651095 0.8997
0.653092 0.899572
0.655093 0.899444
0.657097 0.899315
0.659106 0.899186
0.661118 0.899057
0.663135 0.898929
0.665155 0.8988
0.66718 0.898671
0.669209 0.898542
0.671241 0.898413
0.673278 0.898283
0.675318 0.898154
0.677363 0.898025
0.679412 0.897896
0.681464 0.897766
0.683521 0.897637
0.685582 0.897507
0.687646 0.897377
0.689715 0.897247
0.691788 0.897118
0.693865 0.896988
0.695946 0.896858
0.698031 0.896728
0.700119 0.896598
0.702212 0.896467
0.70431 0.896337
0.706411 0.896207
0.708516 0.896076
0.710625 0.895946
0.712738 0.895815
0.714855 0.895684
0.716977 0.895554
0.719102 0.895423
0.721232 0.895292
0.723365 0.895161
0.725503 0.89503
0.727645 0.894899
0.729791 0.894768
0.73194 0.894637
0.734094 0.894505
0.736252 0.894374
0.738415 0.894242
0.740581 0.894111
0.742751 0.893979
0.744925 0.893848
0.747104 0.893716
0.749287 0.893584
0.751473 0.893452
0.753664 0.89332
0.755859 0.893188
0.758058 0.893056
0.760261 0.892924
0.762468 0.892792
0.76468 0.892659
0.766895 0.892527
0.769115 0.892394
0.771338 0.892262
0.773566 0.892129
0.775798 0.891996
0.778034 0.891864
0.780275 0.891731
0.782519 0.891598
0.784767 0.891465
0.78702 0.891332
0.789277 0.891199
0.791538 0.891065
0.793803 0.890932
0.796072 0.890799
0.798345 0.890665
0.800623 0.890532
0.802904 0.890398
0.80519 0.890265
0.80748 0.890131
0.809774 0.889997
0.812072 0.889863
0.814375 0.889729
0.816681 0.889595
0.818992 0.889461
0.821307 0.889327
0.823626 0.889193
0.825949 0.889058
0.828277 0.888924
0.830608 0.88879
0.832944 0.888655
0.835284 0.888521
0.837628 0.888386
0.839976 0.888251
0.842329 0.888116
0.844686 0.887981
0.847047 0.887846
0.849412 0.887712
0.851781 0.887576
0.854154 0.887441
0.856532 0.887306
0.858914 0.887171
0.8613 0.887035
0.86369 0.8869
0.866084 0.886764
0.868483 0.886629
0.870886 0.886493
0.873293 0.886357
0.875704 0.886221
0.87812 0.886085
0.880539 0.88595
0.882963 0.885813
0.885391 0.885677
0.887824 0.885541
0.89026 0.885405
0.892701 0.885269
0.895146 0.885132
0.897595 0.884996
0.900049 0.884859
0.902506 0.884723
0.904968 0.884586
0.907434 0.884449
0.909905 0.884312
0.912379 0.884175
0.914858 0.884039
0.917341 0.883901
0.919828 0.883764
0.92232 0.883627
0.924816 0.88349
0.927316 0.883353
0.92982 0.883215
0.932328 0.883078
0.934841 0.88294
0.937358 0.882803
0.939879 0.882665
0.942405 0.882527
0.944935 0.882389
0.947469 0.882251
0.950007 0.882113
0.952549 0.881975
0.955096 0.881837
0.957647 0.881699
0.960202 0.881561
0.962762 0.881423
0.965326 0.881284
0.967894 0.881146
0.970466 0.881007
0.973043 0.880869
0.975623 0.88073
0.978209 0.880591
0.980798 0.880452
0.983392 0.880314
0.985989 0.880174
0.988592 0.880036
0.991198 0.879896
0.993809 0.879757
0.996424 0.879618
0.999043 0.879479
1.00167 0.879339
1.00429 0.8792
1.00693 0.87906
1.00956 0.87892
1.0122 0.878781
1.01485 0.878641
1.0175 0.878501
1.02015 0.878361
1.02281 0.878222
1.02547 0.878081
1.02814 0.877941
1.03081 0.877801
1.03348 0.877661
1.03616 0.877521
1.03885 0.87738
1.04153 0.87724
1.04423 0.877099
1.04692 0.876959
1.04962 0.876818
1.05233 0.876677
1.05504 0.876537
1.05775 0.876396
1.06047 0.876255
1.06319 0.876114
1.06592 0.875973
1.06865 0.875831
1.07138 0.87569
1.07412 0.875549
1.07687 0.875407
1.07961 0.875266
1.08237 0.875125
1.08512 0.874983
1.08788 0.874841
1.09065 0.8747
1.09342 0.874558
1.09619 0.874416
1.09897 0.874274
1.10175 0.874132
1.10454 0.87399
1.10733 0.873848
1.11013 0.873706
1.11293 0.873564
1.11573 0.873421
1.11854 0.873279
1.12135 0.873136
1.12417 0.872994
1.12699 0.872851
1.12982 0.872709
1.13264 0.872566
1.13548 0.872423
1.13832 0.87228
1.14116 0.872137
1.14401 0.871994
1.14686 0.871851
1.14971 0.871708
1.15257 0.871564
1.15544 0.871421
1.15831 0.871278
1.16118 0.871134
1.16406 0.870991
1.16694 0.870847
1.16983 0.870703
1.17272 0.87056
1.17561 0.870416
1.17851 0.870272
1.18141 0.870128
1.18432 0.869984
1.18723 0.86984
1.19015 0.869696
1.19307 0.869551
1.19599 0.869407
1.19892 0.869263
1.20186 0.869119
1.20479 0.868974
1.20774 0.868829
1.21068 0.868685
1.21363 0.86854
1.21659 0.868395
1.21955 0.86825
1.22251 0.868105
1.22548 0.86796
1.22845 0.867815
1.23143 0.86767
1.23441 0.867525
1.23739 0.86738
1.24038 0.867235
1.24338 0.867089
1.24638 0.866944
1.24938 0.866798
1.25238 0.866653
1.2554 0.866507
1.25841 0.866361
1.26143 0.866215
1.26446 0.86607
1.26748 0.865923
1.27052 0.865778
1.27355 0.865631
1.27659 0.865485
1.27964 0.865339
1.28269 0.865193
1.28575 0.865046
1.2888 0.8649
1.29187 0.864753
1.29493 0.864607
1.29801 0.86446
1.30108 0.864313
1.30416 0.864167
1.30725 0.86402
1.31033 0.863873
1.31343 0.863726
1.31653 0.863579
1.31963 0.863432
1.32273 0.863285
1.32584 0.863137
1.32896 0.86299
1.33208 0.862843
1.3352 0.862695
1.33833 0.862548
1.34146 0.8624
1.3446 0.862252
1.34774 0.862105
1.34823 0.858831
1.34874 0.858814
1.34925 0.858797
1.34978 0.85878
1.35031 0.858762
1.35086 0.858744
1.35141 0.858726
1.35198 0.858708
1.35255 0.858689
1.35314 0.85867
1.35373 0.858651
1.35434 0.858632
1.35496 0.858612
1.35559 0.858592
1.35623 0.858572
1.35688 0.858551
1.35754 0.858531
1.35822 0.85851
1.3589 0.858488
1.3596 0.858467
1.36031 0.858445
1.36103 0.858423
1.36177 0.858401
1.36251 0.858378
1.36327 0.858355
1.36404 0.858332
1.36483 0.858308
1.36563 0.858284
1.36644 0.85826
1.36727 0.858236
1.3681 0.858211
1.36896 0.858187
1.36982 0.858161
1.3707 0.858136
1.3716 0.85811
1.37251 0.858084
1.37343 0.858058
1.37437 0.858031
1.37533 0.858004
1.3763 0.857977
1.37728 0.857949
1.37828 0.857921
1.3793 0.857893
1.38033 0.857864
1.38138 0.857836
1.38245 0.857806
1.38353 0.857777
1.38463 0.857747
1.38575 0.857717
1.38688 0.857687
1.38803 0.857656
1.3892 0.857625
1.39039 0.857594
1.39159 0.857562
1.39281 0.85753
1.39406 0.857498
1.39532 0.857465
1.3966 0.857432
1.39789 0.857399
1.39921 0.857365
1.40055 0.857331
1.40191 0.857297
1.40329 0.857263
1.40469 0.857228
1.40611 0.857192
1.40755 0.857157
1.40901 0.857121
1.4105 0.857084
1.412 0.857048
1.41353 0.857011
1.41508 0.856973
1.41665 0.856936
1.41825 0.856897
1.41987 0.856859
1.42151 0.85682
1.42318 0.856781
1.42487 0.856742
1.42658 0.856702
1.42832 0.856661
1.43009 0.856621
1.43187 0.85658
1.43369 0.856539
1.43553 0.856497
1.4374 0.856455
1.43929 0.856412
1.44121 0.856369
1.44316 0.856326
1.44513 0.856283
1.44714 0.856239
1.44917 0.856194
1.45123 0.85615
1.45332 0.856105
1.45543 0.856059
1.45758 0.856013
1.45976 0.855967
1.46196 0.85592
1.4642 0.855873
1.46647 0.855826
1.46877 0.855778
1.4711 0.855729
1.47347 0.855681
1.47586 0.855632
1.47829 0.855582
1.48075 0.855532
1.48325 0.855482
1.48578 0.855431
1.48834 0.85538
1.49094 0.855329
1.49358 0.855277
1.49625 0.855224
1.49895 0.855171
1.5017 0.855118
1.50448 0.855064
1.5073 0.85501
1.51015 0.854956
1.51304 0.854901
1.51598 0.854845
1.51895 0.85479
1.52196 0.854733
1.52501 0.854677
1.5281 0.854619
1.53124 0.854562
1.53441 0.854504
1.53763 0.854445
1.54089 0.854386
1.54419 0.854327
1.54754 0.854267
1.55093 0.854207
1.55437 0.854146
1.55785 0.854085
1.56137 0.854023
1.56495 0.853961
1.56857 0.853898
1.57223 0.853835
1.57595 0.853771
1.57971 0.853707
1.58352 0.853643
1.58739 0.853578
1.5913 0.853512
1.59526 0.853446
1.59928 0.85338
1.60334 0.853313
1.60746 0.853245
1.61163 0.853177
1.61586 0.853109
1.62014 0.85304
1.62448 0.852971
1.62887 0.852901
1.63332 0.85283
1.63782 0.852759
1.64239 0.852688
1.64701 0.852616
1.65169 0.852543
1.65643 0.85247
1.66123 0.852397
1.66609 0.852323
1.67101 0.852248
1.676 0.852173
1.68105 0.852097
1.68616 0.852021
1.69134 0.851944
1.69659 0.851867
1.7019 0.851789
1.70728 0.851711
1.71272 0.851632
1.71824 0.851553
1.72382 0.851473
1.72947 0.851392
1.7352 0.851311
1.741 0.85123
1.74687 0.851148
1.75281 0.851065
1.75883 0.850982
1.76492 0.850898
1.77109 0.850813
1.77734 0.850728
1.78366 0.850643
1.79007 0.850557
1.79655 0.85047
1.80311 0.850383
1.80976 0.850295
1.81649 0.850206
1.8233 0.850117
1.83019 0.850027
1.83717 0.849937
1.84424 0.849846
1.8514 0.849755
1.85864 0.849663
1.86597 0.84957
1.8734 0.849477
1.88091 0.849383
1.88852 0.849289
1.89622 0.849193
1.90401 0.849098
1.9119 0.849001
1.91989 0.848904
1.92798 0.848807
1.93616 0.848709
1.94445 0.84861
1.95283 0.84851
1.96132 0.84841
1.96991 0.848309
1.97861 0.848208
1.98741 0.848106
1.99632 0.848003
2.00534 0.8479
2.01447 0.847796
2.02371 0.847691
2.03306 0.847586
2.04253 0.847479
2.05211 0.847373
2.0618 0.847265
2.07162 0.847157
2.08155 0.847049
2.0916 0.846939
2.10177 0.846829
2.11207 0.846718
2.12249 0.846607
2.13303 0.846495
2.14371 0.846382
2.15451 0.846268
2.16544 0.846154
2.1765 0.846039
2.1877 0.845924
2.19902 0.845807
2.21049 0.84569
2.22209 0.845572
2.23383 0.845454
2.24571 0.845335
2.25774 0.845215
2.26991 0.845094
2.28222 0.844973
2.29468 0.84485
2.30729 0.844728
2.32004 0.844604
2.33295 0.844479
2.34602 0.844354
2.35924 0.844228
2.37261 0.844102
2.38615 0.843974
2.39984 0.843846
2.4137 0.843717
2.42772 0.843588
2.44191 0.843457
2.45626 0.843326
2.47079 0.843194
2.48549 0.843061
2.50036 0.842928
2.5154 0.842793
2.53063 0.842658
2.54603 0.842522
2.56161 0.842385
2.57738 0.842248
2.59334 0.842109
2.60948 0.84197
2.62581 0.84183
2.64233 0.841689
2.65905 0.841548
2.67596 0.841405
2.69307 0.841262
2.71038 0.841118
2.72789 0.840973
2.74561 0.840827
2.76353 0.840681
2.78167 0.840533
2.80002 0.840385
2.81858 0.840236
2.83735 0.840086
2.85635 0.839935
2.87556 0.839783
2.895 0.83963
2.91467 0.839477
2.93457 0.839323
2.95469 0.839167
2.97505 0.839011
2.99565 0.838854
3.01648 0.838696
3.03756 0.838538
3.05888 0.838378
3.08045 0.838217
3.10226 0.838056
3.12433 0.837894
3.14665 0.83773
3.16924 0.837566
3.19208 0.837401
3.21518 0.837235
3.23855 0.837068
3.2622 0.8369
3.28611 0.836731
3.3103 0.836562
3.33476 0.836391
3.35951 0.836219
3.38454 0.836047
3.40986 0.835873
3.43547 0.835699
3.46137 0.835523
3.48757 0.835347
3.51407 0.835169
3.54087 0.834991
3.56798 0.834812
3.5954 0.834631
3.62313 0.83445
3.65118 0.834268
3.67955 0.834084
3.70824 0.8339
3.73726 0.833715
3.76661 0.833528
3.7963 0.833341
3.82632 0.833153
3.85668 0.832963
3.88739 0.832773
3.91845 0.832582
3.94985 0.832389
3.98162 0.832196
4.01374 0.832001
4.04623 0.831806
4.07909 0.831609
4.11232 0.831412
4.14592 0.831213
4.1799 0.831013
4.21427 0.830812
4.24903 0.830611
4.28417 0.830408
4.31972 0.830204
4.35566 0.829998
4.39201 0.829792
4.42877 0.829585
4.46594 0.829377
4.50353 0.829167
4.54154 0.828957
4.57998 0.828745
4.61884 0.828532
4.65815 0.828318
4.69789 0.828103
4.73808 0.827887
4.77872 0.82767
4.81982 0.827451
4.86137 0.827232
4.90339 0.827011
4.94587 0.826789
4.98883 0.826566
5.03227 0.826342
5.0762 0.826117
5.12061 0.825891
5.16552 0.825663
5.21092 0.825434
5.25683 0.825204
5.30325 0.824973
5.35019 0.824741
5.39765 0.824507
5.44563 0.824272
5.49414 0.824036
5.54319 0.823799
5.59279 0.823561
5.64293 0.823321
5.69363 0.823081
5.74488 0.822839
5.7967 0.822595
5.8491 0.822351
5.90207 0.822105
5.95562 0.821858
6.00977 0.82161
6.06451 0.821361
6.11985 0.82111
6.1758 0.820858
6.23236 0.820605
6.28954 0.82035
6.34735 0.820095
6.4058 0.819838
6.46488 0.819579
6.52461 0.81932
6.58499 0.819059
6.64604 0.818797
6.70775 0.818533
6.77013 0.818268
6.83319 0.818002
6.89694 0.817735
6.96139 0.817466
7.02653 0.817196
7.09239 0.816924
7.15895 0.816651
7.22625 0.816377
7.29427 0.816102
7.36303 0.815825
7.43253 0.815547
7.50279 0.815267
7.57381 0.814986
7.64559 0.814704
7.71815 0.814421
7.7915 0.814136
7.86563 0.813849
7.94056 0.813561
8.01631 0.813272
8.09286 0.812981
8.17024 0.812689
8.24845 0.812396
8.3275 0.812101
8.4074 0.811805
8.48816 0.811507
8.56978 0.811208
8.65228 0.810908
8.73565 0.810606
8.81992 0.810302
8.90509 0.809997
8.99117 0.809691
9.07817 0.809383
9.16609 0.809074
9.25495 0.808763
9.34476 0.808451
9.43552 0.808137
9.52724 0.807822
9.61994 0.807505
9.71362 0.807187
9.80829 0.806867
9.90397 0.806546
10.0007 0.806223
10.0984 0.805899
10.1971 0.805573
10.2969 0.805246
10.3977 0.804917
10.4996 0.804587
10.6026 0.804255
10.7066 0.803922
10.8118 0.803587
10.918 0.80325
11.0254 0.802912
11.1339 0.802572
11.2435 0.802231
11.3543 0.801888
11.4662 0.801544
11.5793 0.801198
11.6936 0.80085
11.8091 0.800501
11.9257 0.80015
12.0436 0.799798
12.1627 0.799444
12.2831 0.799088
12.4047 0.798731
12.5276 0.798372
12.6517 0.798011
12.7771 0.797649
12.9038 0.797285
13.0318 0.79692
13.1612 0.796553
13.2919 0.796184
13.4239 0.795813
13.5572 0.795441
13.692 0.795067
13.8281 0.794692
13.9657 0.794315
14.1046 0.793936
14.245 0.793555
14.3868 0.793173
14.53 0.792789
14.6747 0.792403
14.8209 0.792016
14.9685 0.791627
15.1177 0.791236
15.2684 0.790843
15.4206 0.790449
15.5744 0.790053
15.7297 0.789655
15.8866 0.789255
16.0451 0.788854
16.2051 0.788451
16.3668 0.788046
16.5301 0.787639
16.6951 0.787231
16.8617 0.786821
17.03 0.786409
17.2 0.785995
17.3717 0.785579
17.5451 0.785162
17.7202 0.784743
17.8971 0.784322
18.0757 0.783899
18.2561 0.783474
18.4384 0.783048
18.6224 0.782619
18.8082 0.782189
18.9959 0.781757
19.1855 0.781323
19.3769 0.780888
19.5702 0.78045
19.7655 0.780011
19.9626 0.779569
20.1617 0.779126
20.3628 0.778681
20.5658 0.778234
20.7708 0.777785
20.9778 0.777334
21.1868 0.776882
21.3979 0.776427
21.611 0.775971
21.8263 0.775512
22.0436 0.775052
22.263 0.77459
22.4845 0.774126
22.7082 0.77366
22.934 0.773192
22.9448 0.772957
22.9555 0.772721
22.9663 0.772485
22.9771 0.772249
22.988 0.772013
22.9989 0.771776
23.0098 0.771539
23.0208 0.771302
23.0318 0.771065
23.0429 0.770828
23.054 0.770591
23.0651 0.770353
23.0763 0.770115
23.0875 0.769877
23.0988 0.769639
23.1101 0.769401
23.1214 0.769163
23.1328 0.768924
23.1442 0.768685
23.1557 0.768446
23.1672 0.768207
23.1787 0.767968
23.1903 0.767728
23.2019 0.767489
23.2135 0.767249
23.2253 0.767009
23.237 0.766768
23.2488 0.766528
23.2606 0.766287
23.2725 0.766047
23.2844 0.765806
23.2963 0.765565
23.3083 0.765323
23.3204 0.765082
23.3325 0.76484
23.3446 0.764598
23.3568 0.764356
23.369 0.764114
23.3813 0.763872
23.3936 0.763629
23.4059 0.763386
23.4183 0.763143
23.4307 0.7629
23.4432 0.762657
23.4558 0.762413
23.4683 0.76217
23.481 0.761926
23.4936 0.761682
23.5063 0.761437
23.5191 0.761193
23.5319 0.760948
23.5448 0.760703
23.5577 0.760458
23.5706 0.760213
23.5836 0.759968
23.5967 0.759722
23.6098 0.759477
23.6229 0.759231
23.6361 0.758985
23.6493 0.758738
23.6626 0.758492
23.676 0.758245
23.6893 0.757998
23.7028 0.757751
23.7163 0.757504
23.7298 0.757256
23.7434 0.757009
23.757 0.756761
23.7707 0.756513
23.7845 0.756264
23.7982 0.756016
23.8121 0.755767
23.826 0.755518
23.8399 0.755269
23.8539 0.75502
23.868 0.754771
23.8821 0.754521
23.8962 0.754271
23.9105 0.754021
23.9247 0.753771
23.939 0.753521
23.9534 0.75327
23.9678 0.753019
23.9823 0.752768
23.9969 0.752517
24.0115 0.752266
24.0261 0.752014
24.0408 0.751762
24.0556 0.75151
24.0704 0.751258
24.0853 0.751006
24.1002 0.750753
24.1152 0.7505
24.1302 0.750247
24.1453 0.749994
24.1605 0.749741
24.1757 0.749487
24.191 0.749233
24.2063 0.748979
24.2217 0.748725
24.2372 0.748471
24.2527 0.748216
24.2683 0.747961
24.2839 0.747706
24.2996 0.747451
24.3154 0.747195
24.3312 0.74694
24.3471 0.746684
24.363 0.746428
24.379 0.746171
24.3951 0.745915
24.4112 0.745658
24.4274 0.745401
24.4437 0.745144
24.46 0.744887
24.4764 0.744629
24.4929 0.744371
24.5094 0.744113
24.5259 0.743855
24.5426 0.743597
24.5593 0.743338
24.5761 0.743079
24.5929 0.74282
24.6098 0.742561
24.6268 0.742302
24.6439 0.742042
24.661 0.741782
24.6782 0.741522
24.6954 0.741261
24.7127 0.741001
24.7301 0.74074
24.7476 0.740479
24.7651 0.740218
24.7827 0.739956
24.8004 0.739695
24.8181 0.739433
24.836 0.739171
24.8538 0.738909
24.8718 0.738646
24.8898 0.738383
24.9079 0.73812
24.9261 0.737857
24.9444 0.737594
24.9627 0.73733
24.9811 0.737066
24.9996 0.736802
25.0181 0.736538
25.0367 0.736273
25.0554 0.736008
25.0742 0.735743
25.0931 0.735478
25.112 0.735213
25.131 0.734947
25.1501 0.734681
25.1693 0.734415
25.1885 0.734148
25.2078 0.733882
25.2272 0.733615
25.2467 0.733348
25.2663 0.733081
25.2859 0.732813
25.3057 0.732545
25.3255 0.732277
25.3454 0.732009
25.3654 0.731741
25.3854 0.731472
25.4056 0.731203
25.4258 0.730934
25.4461 0.730665
25.4665 0.730395
25.487 0.730125
25.5075 0.729855
25.5282 0.729585
25.5489 0.729314
25.5698 0.729043
25.5907 0.728772
25.6117 0.728501
25.6328 0.728229
25.654 0.727958
25.6752 0.727686
25.6966 0.727413
25.7181 0.727141
25.7396 0.726868
25.7613 0.726595
25.783 0.726322
25.8048 0.726048
25.8267 0.725775
25.8487 0.725501
25.8708 0.725226
25.893 0.724952
25.9153 0.724677
25.9377 0.724402
25.9602 0.724127
25.9828 0.723852
26.0055 0.723576
26.0283 0.7233
26.0511 0.723024
26.0741 0.722748
26.0972 0.722471
26.1204 0.722194
26.1437 0.721917
26.167 0.721639
26.1905 0.721362
26.2141 0.721084
26.2378 0.720805
26.2616 0.720527
26.2855 0.720248
26.3095 0.719969
26.3336 0.71969
26.3578 0.719411
26.3821 0.719131
26.4066 0.718851
26.4311 0.718571
26.4558 0.71829
26.4805 0.718009
26.5054 0.717728
26.5303 0.717447
26.5554 0.717165
26.5806 0.716884
26.6059 0.716602
26.6314 0.716319
26.6569 0.716037
26.6825 0.715754
26.7083 0.715471
26.7342 0.715187
26.7602 0.714904
26.7863 0.71462
26.8125 0.714335
26.8389 0.714051
26.8654 0.713766
26.8919 0.713481
26.9187 0.713196
26.9455 0.71291
26.9724 0.712625
26.9995 0.712339
27.0267 0.712052
27.054 0.711766
27.0815 0.711479
27.1091 0.711191
27.1368 0.710904
27.1646 0.710616
27.1925 0.710328
27.2206 0.71004
27.2488 0.709751
27.2772 0.709463
27.3056 0.709174
27.3342 0.708884
27.363 0.708594
27.3919 0.708305
27.4209 0.708014
27.45 0.707724
27.4793 0.707433
27.5087 0.707142
27.5382 0.706851
27.5679 0.706559
27.5977 0.706267
27.6277 0.705975
27.6578 0.705682
27.688 0.70539
27.7184 0.705096
27.749 0.704803
27.7796 0.704509
27.8105 0.704216
27.8414 0.703921
27.8725 0.703627
27.9038 0.703332
27.9352 0.703037
27.9668 0.702741
27.9985 0.702446
28.0303 0.70215
28.0623 0.701854
28.0945 0.701557
28.1268 0.70126
28.1593 0.700963
28.1919 0.700665
28.2247 0.700368
28.2576 0.70007
28.2907 0.699771
28.324 0.699473
28.3574 0.699174
28.391 0.698874
28.4248 0.698575
28.4587 0.698275
28.4927 0.697975
28.527 0.697674
28.5614 0.697374
28.596 0.697072
28.6307 0.696771
28.6656 0.696469
28.7007 0.696167
28.736 0.695865
28.7714 0.695562
28.807 0.695259
28.8428 0.694956
28.8787 0.694653
28.9149 0.694349
28.9512 0.694045
28.9877 0.69374
29.0244 0.693435
29.0612 0.69313
29.0982 0.692825
29.1355 0.692519
29.1729 0.692213
29.2105 0.691906
29.2483 0.6916
29.2862 0.691293
29.3244 0.690985
29.3628 0.690678
29.4013 0.690369
29.4401 0.690061
29.479 0.689752
29.5181 0.689443
29.5575 0.689134
29.597 0.688825
29.6368 0.688515
29.6767 0.688204
29.7168 0.687894
29.7572 0.687583
29.7977 0.687271
29.8385 0.68696
29.8795 0.686648
29.9207 0.686335
29.962 0.686023
30.0037 0.68571
30.0455 0.685397
30.0875 0.685083
30.1298 0.684769
30.1722 0.684455
30.2149 0.68414
30.2578 0.683825
30.301 0.68351
30.3443 0.683194
30.3879 0.682878
30.4317 0.682561
30.4758 0.682245
30.5201 0.681928
30.5646 0.68161
30.6093 0.681292
30.6543 0.680974
30.6995 0.680656
30.745 0.680337
30.7907 0.680018
30.8366 0.679698
30.8828 0.679379
30.9292 0.679058
30.9759 0.678738
31.0228 0.678417
31.07 0.678096
31.1174 0.677774
31.1651 0.677452
31.213 0.677129
31.2612 0.676807
31.3096 0.676484
31.3583 0.67616
31.4073 0.675836
31.4566 0.675512
31.5061 0.675188
31.5558 0.674863
31.6059 0.674537
31.6562 0.674212
31.7068 0.673886
31.7577 0.673559
31.8088 0.673233
31.8602 0.672905
31.9119 0.672578
31.9639 0.67225
32.0162 0.671922
32.0688 0.671593
32.1216 0.671264
32.1748 0.670935
32.2282 0.670605
32.2819 0.670275
32.336 0.669944
32.3903 0.669613
32.4449 0.669282
32.4999 0.66895
32.5551 0.668618
32.6107 0.668286
32.6666 0.667953
32.7227 0.66762
32.7792 0.667286
32.8361 0.666952
32.8932 0.666617
32.9506 0.666283
33.0084 0.665947
33.0665 0.665612
33.125 0.665276
33.1838 0.664939
33.2429 0.664603
33.3023 0.664265
33.3621 0.663928
33.4222 0.66359
33.4827 0.663251
33.5435 0.662912
33.6047 0.662573
33.6662 0.662234
33.7281 0.661894
33.7903 0.661553
33.8529 0.661212
33.9159 0.660871
33.9792 0.660529
34.0429 0.660187
34.107 0.659845
34.1714 0.659502
34.2363 0.659158
34.3015 0.658814
34.367 0.65847
34.433 0.658126
34.4994 0.657781
34.5661 0.657435
34.6332 0.657089
34.7008 0.656743
34.7687 0.656396
34.8371 0.656049
34.9058 0.655701
34.975 0.655353
35.0445 0.655005
35.1145 0.654656
35.1849 0.654307
35.2558 0.653957
35.327 0.653607
35.3987 0.653256
35.4708 0.652905
35.5434 0.652553
35.6164 0.652201
35.6898 0.651849
35.7637 0.651496
35.838 0.651143
35.9128 0.650789
35.9881 0.650435
36.0638 0.65008
36.1399 0.649725
36.2166 0.649369
36.2937 0.649013
36.3712 0.648657
36.4493 0.6483
36.5278 0.647942
36.6069 0.647584
36.6864 0.647226
36.7664 0.646867
36.8469 0.646508
36.9279 0.646148
37.0094 0.645788
37.0915 0.645427
37.174 0.645066
37.2571 0.644704
37.3407 0.644342
37.4248 0.64398
37.5094 0.643617
37.5946 0.643253
37.6803 0.642889
37.7666 0.642525
37.8534 0.64216
37.9408 0.641794
38.0287 0.641428
38.1172 0.641062
38.2063 0.640695
38.2959 0.640327
38.3861 0.639959
38.4769 0.639591
38.5683 0.639222
38.6602 0.638853
38.7528 0.638483
38.846 0.638112
38.9397 0.637741
39.0341 0.63737
39.1291 0.636998
39.2247 0.636626
39.321 0.636253
39.4179 0.635879
39.5154 0.635505
39.6136 0.635131
39.7124 0.634756
39.8118 0.63438
39.912 0.634004
40.0127 0.633628
40.1142 0.633251
40.2163 0.632873
40.3192 0.632495
40.4227 0.632116
40.5269 0.631737
40.6318 0.631357
40.7374 0.630977
40.8437 0.630596
40.9508 0.630215
41.0585 0.629833
41.167 0.629451
41.2763 0.629068
41.3863 0.628684
41.497 0.6283
41.6085 0.627916
41.7207 0.627531
41.8338 0.627145
41.9476 0.626759
42.0622 0.626372
42.1775 0.625985
42.2937 0.625597
42.4107 0.625208
42.5285 0.624819
42.6471 0.62443
42.7666 0.624039
42.8869 0.623648
43.008 0.623257
43.13 0.622865
43.2528 0.622473
43.3765 0.62208
43.5011 0.621686
43.6265 0.621292
43.7529 0.620897
43.8801 0.620502
44.0083 0.620106
44.1373 0.619709
44.2673 0.619312
44.3983 0.618914
44.5301 0.618516
44.6629 0.618117
44.7967 0.617718
44.9314 0.617318
45.0671 0.616917
45.2038 0.616516
45.3415 0.616114
45.4802 0.615711
45.6199 0.615308
45.7607 0.614904
45.9024 0.6145
46.0452 0.614095
46.1891 0.613689
46.334 0.613283
46.48 0.612876
46.6271 0.612469
46.7752 0.612061
46.9245 0.611652
47.0749 0.611242
47.2264 0.610832
47.379 0.610422
47.5328 0.61001
47.6877 0.609599
47.8439 0.609186
48.0012 0.608773
48.1596 0.608359
48.3193 0.607944
48.4802 0.607529
48.6423 0.607113
48.8057 0.606697
48.9703 0.606279
49.1362 0.605862
49.3034 0.605443
49.4718 0.605024
49.6416 0.604604
49.8126 0.604183
49.985 0.603762
50.1587 0.60334
50.3338 0.602918
50.5103 0.602494
50.6881 0.60207
50.8673 0.601646
51.048 0.60122
51.23 0.600794
51.4135 0.600367
51.5985 0.59994
51.7849 0.599512
51.9728 0.599083
52.1622 0.598653
52.3531 0.598223
52.5456 0.597792
52.7396 0.59736
52.9351 0.596928
53.1323 0.596494
53.331 0.59606
53.5313 0.595626
53.7333 0.59519
53.9369 0.594754
54.1422 0.594317
54.3491 0.59388
54.5578 0.593441
54.7681 0.593002
54.9802 0.592562
55.1941 0.592122
55.4097 0.59168
55.6271 0.591238
55.8463 0.590795
56.0673 0.590352
56.2902 0.589907
56.515 0.589462
56.7416 0.589016
56.9702 0.588569
57.2007 0.588121
57.4331 0.587673
57.6675 0.587224
57.9039 0.586774
58.1423 0.586323
58.3828 0.585872
58.6253 0.585419
58.8699 0.584966
59.1166 0.584512
59.3654 0.584057
59.6164 0.583602
59.8695 0.583145
60.1249 0.582688
60.3824 0.58223
60.6423 0.581771
60.9044 0.581311
61.1688 0.58085
61.4355 0.580389
61.7046 0.579927
61.9761 0.579464
62.25 0.579
62.5263 0.578535
62.805 0.578069
63.0863 0.577602
63.3701 0.577135
63.6564 0.576667
63.9454 0.576197
64.2369 0.575727
64.5311 0.575256
64.8279 0.574784
65.1274 0.574312
65.4297 0.573838
65.7348 0.573363
66.0426 0.572888
66.3533 0.572411
66.6668 0.571934
66.9833 0.571456
67.3026 0.570977
67.625 0.570497
67.9503 0.570016
68.2787 0.569534
68.6102 0.569051
68.9448 0.568567
69.2825 0.568082
69.6235 0.567597
69.9676 0.56711
70.3151 0.566622
70.6658 0.566134
71.0199 0.565644
71.3774 0.565154
71.7383 0.564662
72.1027 0.56417
72.4706 0.563676
72.8421 0.563181
73.2172 0.562686
73.596 0.562189
73.9784 0.561692
74.3646 0.561193
74.7546 0.560694
75.1484 0.560193
75.5462 0.559692
75.9478 0.559189
76.3535 0.558685
76.7632 0.558181
77.177 0.557675
77.5949 0.557168
78.0171 0.55666
78.4435 0.556151
78.8742 0.555641
79.3093 0.55513
79.7488 0.554618
80.1928 0.554105
80.6413 0.55359
81.0944 0.553075
81.5522 0.552558
82.0148 0.552041
