0.9596 0.629106
0.9591 0.629099
0.9586 0.629086
0.9581 0.629079
0.9576 0.629066
0.9571 0.629059
0.9566 0.629045
0.9561 0.629038
0.9556 0.629025
0.9551 0.629018
0.9546 0.629004
0.9541 0.628996
0.9536 0.628982
0.9531 0.628975
0.9526 0.62896
0.9521 0.628953
0.9516 0.628938
0.9511 0.628931
0.9506 0.628916
0.9501 0.628908
0.9496 0.628893
0.9491 0.628885
0.9486 0.62887
0.9481 0.628862
0.9476 0.628846
0.9471 0.628838
0.9466 0.628822
0.9461 0.628814
0.9456 0.628797
0.9451 0.628789
0.9446 0.628772
0.9441 0.628764
0.9436 0.628747
0.9431 0.628738
0.9426 0.628721
0.9421 0.628712
0.9416 0.628694
0.9411 0.628685
0.9406 0.628667
0.9401 0.628658
0.9396 0.62864
0.9391 0.62863
0.9386 0.628611
0.9381 0.628602
0.9376 0.628583
0.9371 0.628573
0.9366 0.628554
0.9361 0.628544
0.9356 0.628524
0.9351 0.628514
0.9346 0.628493
0.9341 0.628483
0.9336 0.628462
0.9331 0.628452
0.9326 0.628431
0.9321 0.62842
0.9316 0.628399
0.9311 0.628388
0.9306 0.628366
0.9301 0.628355
0.9296 0.628333
0.9291 0.628321
0.9286 0.628299
0.9281 0.628287
0.9276 0.628264
0.9271 0.628252
0.9266 0.628229
0.9261 0.628217
0.9256 0.628193
0.9251 0.628181
0.9246 0.628156
0.9241 0.628144
0.9236 0.628119
0.9231 0.628107
0.9226 0.628081
0.9221 0.628069
0.9216 0.628043
0.9211 0.62803
0.9206 0.628004
0.9201 0.627991
0.9196 0.627964
0.9191 0.627951
0.9186 0.627924
0.9181 0.62791
0.9176 0.627882
0.9171 0.627869
0.9166 0.627841
0.9161 0.627827
0.9156 0.627798
0.9151 0.627784
0.9146 0.627755
0.9141 0.62774
0.9136 0.627711
0.9131 0.627696
0.9126 0.627667
0.9121 0.627652
0.9116 0.627621
0.9111 0.627606
0.9106 0.627576
0.9101 0.62756
0.9096 0.627529
0.9091 0.627513
0.9086 0.627482
0.9081 0.627466
0.9076 0.627434
0.9071 0.627417
0.9066 0.627385
0.9061 0.627369
0.9056 0.627336
0.9051 0.627319
0.9046 0.627285
0.9041 0.627269
0.9036 0.627235
0.9031 0.627218
0.9026 0.627183
0.9021 0.627166
0.9016 0.627131
0.9011 0.627113
0.9006 0.627078
0.9001 0.62706
0.8996 0.627024
0.8991 0.627006
0.8986 0.62697
0.8981 0.626952
0.8976 0.626915
0.8971 0.626896
0.8966 0.626859
0.8961 0.62684
0.8956 0.626802
0.8951 0.626783
0.8946 0.626745
0.8941 0.626726
0.8936 0.626687
0.8931 0.626668
0.8926 0.626628
0.8921 0.626609
0.8916 0.626569
0.8911 0.626549
0.8906 0.626509
0.8901 0.626488
0.8896 0.626448
0.8891 0.626427
0.8886 0.626386
0.8881 0.626365
0.8876 0.626324
0.8871 0.626303
0.8866 0.626261
0.8861 0.626239
0.8856 0.626197
0.8851 0.626175
0.8846 0.626132
0.8841 0.62611
0.8836 0.626067
0.8831 0.626045
0.8826 0.626
0.8821 0.625978
0.8816 0.625934
0.8811 0.625911
0.8806 0.625866
0.8801 0.625843
0.8796 0.625797
0.8791 0.625774
0.8786 0.625728
0.8781 0.625705
0.8776 0.625658
0.8771 0.625635
0.8766 0.625588
0.8761 0.625564
0.8756 0.625516
0.8751 0.625492
0.8746 0.625444
0.8741 0.62542
0.8736 0.625371
0.8731 0.625346
0.8726 0.625297
0.8721 0.625272
0.8716 0.625222
0.8711 0.625197
0.8706 0.625147
0.8701 0.625122
0.8696 0.625071
0.8691 0.625045
0.8686 0.624994
0.8681 0.624968
0.8676 0.624916
0.8671 0.62489
0.8666 0.624838
0.8661 0.624811
0.8656 0.624758
0.8651 0.624732
0.8646 0.624678
0.8641 0.624651
0.8636 0.624597
0.8631 0.62457
0.8626 0.624515
0.8621 0.624488
0.8616 0.624433
0.8611 0.624405
0.8606 0.624349
0.8601 0.624321
0.8596 0.624265
0.8591 0.624237
0.8586 0.62418
0.8581 0.624152
0.8576 0.624094
0.8571 0.624065
0.8566 0.624008
0.8561 0.623978
0.8556 0.62392
0.8551 0.623891
0.8546 0.623832
0.8541 0.623802
0.8536 0.623742
0.8531 0.623712
0.8526 0.623652
0.8521 0.623622
0.8516 0.623561
0.8511 0.623531
0.8506 0.62347
0.8501 0.623439
0.8496 0.623377
0.8491 0.623346
0.8486 0.623283
0.8481 0.623252
0.8476 0.623189
0.8471 0.623157
0.8466 0.623094
0.8461 0.623062
0.8456 0.622998
0.8451 0.622965
0.8446 0.622901
0.8441 0.622868
0.8436 0.622803
0.8431 0.62277
0.8426 0.622704
0.8421 0.622671
0.8416 0.622604
0.8411 0.622571
0.8406 0.622504
0.8401 0.62247
0.8396 0.622402
0.8391 0.622368
0.8386 0.6223
0.8381 0.622265
0.8376 0.622196
0.8371 0.622162
0.8366 0.622092
0.8361 0.622057
0.8356 0.621987
0.8351 0.621952
0.8346 0.621881
0.8341 0.621845
0.8336 0.621774
0.8331 0.621738
0.8326 0.621666
0.8321 0.621629
0.8316 0.621557
0.8311 0.62152
0.8306 0.621447
0.8301 0.62141
0.8296 0.621336
0.8291 0.621298
0.8286 0.621224
0.8281 0.621186
0.8276 0.621111
0.8271 0.621073
0.8266 0.620997
0.8261 0.620959
0.8256 0.620882
0.8251 0.620843
0.8246 0.620766
0.8241 0.620727
0.8236 0.620649
0.8231 0.62061
0.8226 0.620531
0.8221 0.620492
0.8216 0.620412
0.8211 0.620372
0.8206 0.620292
0.8201 0.620252
0.8196 0.620171
0.8191 0.620131
0.8186 0.620049
0.8181 0.620008
0.8176 0.619926
0.8171 0.619885
0.8166 0.619802
0.8161 0.61976
0.8156 0.619676
0.8151 0.619634
0.8146 0.61955
0.8141 0.619508
0.8136 0.619423
0.8131 0.61938
0.8126 0.619294
0.8121 0.619251
0.8116 0.619164
0.8111 0.619121
0.8106 0.619033
0.8101 0.61899
0.8096 0.618902
0.8091 0.618857
0.8086 0.618768
0.8081 0.618724
0.8076 0.618634
0.8071 0.618589
0.8066 0.618499
0.8061 0.618453
0.8056 0.618362
0.8051 0.618317
0.8046 0.618225
0.8041 0.618178
0.8036 0.618086
0.8031 0.618039
0.8026 0.617946
0.8021 0.617899
0.8016 0.617804
0.8011 0.617757
0.8006 0.617662
0.8001 0.617614
0.7996 0.617518
0.7991 0.61747
0.7986 0.617373
0.7981 0.617324
0.7976 0.617227
0.7971 0.617178
0.7966 0.617079
0.7961 0.61703
0.7956 0.61693
0.7951 0.61688
0.7946 0.61678
0.7941 0.61673
0.7936 0.616629
0.7931 0.616578
0.7926 0.616476
0.7921 0.616425
0.7916 0.616322
0.7911 0.61627
0.7906 0.616167
0.7901 0.616115
0.7896 0.61601
0.7891 0.615957
0.7886 0.615852
0.7881 0.615799
0.7876 0.615692
0.7871 0.615639
0.7866 0.615531
0.7861 0.615477
0.7856 0.615369
0.7851 0.615315
0.7846 0.615205
0.7841 0.615151
0.7836 0.61504
0.7831 0.614985
0.7826 0.614874
0.7821 0.614818
0.7816 0.614706
0.7811 0.614649
0.7806 0.614536
0.7801 0.614479
0.7796 0.614365
0.7791 0.614308
0.7786 0.614192
0.7781 0.614134
0.7776 0.614018
0.7771 0.61396
0.7766 0.613843
0.7761 0.613784
0.7756 0.613665
0.7751 0.613606
0.7746 0.613486
0.7741 0.613426
0.7736 0.613306
0.7731 0.613245
0.7726 0.613124
0.7721 0.613063
0.7716 0.61294
0.7711 0.612878
0.7706 0.612755
0.7701 0.612692
0.7696 0.612568
0.7691 0.612505
0.7686 0.612379
0.7681 0.612315
0.7676 0.612188
0.7671 0.612124
0.7666 0.611996
0.7661 0.611931
0.7656 0.611802
0.7651 0.611737
0.7646 0.611606
0.7641 0.61154
0.7636 0.611408
0.7631 0.611342
0.7626 0.611209
0.7621 0.611142
0.7616 0.611007
0.7611 0.61094
0.7606 0.610804
0.7601 0.610736
0.7596 0.610599
0.7591 0.61053
0.7586 0.610392
0.7581 0.610322
0.7576 0.610183
0.7571 0.610113
0.7566 0.609972
0.7561 0.609901
0.7556 0.609759
0.7551 0.609687
0.7546 0.609544
0.7541 0.609471
0.7536 0.609326
0.7531 0.609253
0.7526 0.609107
0.7521 0.609033
0.7516 0.608886
0.7511 0.608811
0.7506 0.608662
0.7501 0.608587
0.7496 0.608436
0.7491 0.60836
0.7486 0.608208
0.7481 0.608132
0.7476 0.607978
0.7471 0.607901
0.7466 0.607745
0.7461 0.607667
0.7456 0.60751
0.7451 0.607432
0.7446 0.607273
0.7441 0.607193
0.7436 0.607033
0.7431 0.606953
0.7426 0.606791
0.7421 0.60671
0.7416 0.606547
0.7411 0.606465
0.7406 0.6063
0.7401 0.606217
0.7396 0.60605
0.7391 0.605966
0.7386 0.605798
0.7381 0.605713
0.7376 0.605543
0.7371 0.605457
0.7366 0.605285
0.7361 0.605199
0.7356 0.605025
0.7351 0.604937
0.7346 0.604762
0.7341 0.604673
0.7336 0.604496
0.7331 0.604406
0.7326 0.604227
0.7321 0.604137
0.7316 0.603955
0.7311 0.603864
0.7306 0.603681
0.7301 0.603588
0.7296 0.603403
0.7291 0.603309
0.7286 0.603122
0.7281 0.603028
0.7276 0.602838
0.7271 0.602743
0.7266 0.602551
0.7261 0.602454
0.7256 0.60226
0.7251 0.602163
0.7246 0.601967
0.7241 0.601868
0.7236 0.60167
0.7231 0.60157
0.7226 0.601369
0.7221 0.601268
0.7216 0.601065
0.7211 0.600963
0.7206 0.600757
0.7201 0.600654
0.7196 0.600446
0.7191 0.600341
0.7186 0.600131
0.7181 0.600025
0.7176 0.599812
0.7171 0.599705
0.7166 0.599489
0.7161 0.599381
0.7156 0.599162
0.7151 0.599052
0.7146 0.598831
0.7141 0.59872
0.7136 0.598496
0.7131 0.598384
0.7126 0.598157
0.7121 0.598043
0.7116 0.597813
0.7111 0.597698
0.7106 0.597465
0.7101 0.597348
0.7096 0.597112
0.7091 0.596994
0.7086 0.596755
0.7081 0.596635
0.7076 0.596393
0.7071 0.596271
0.7066 0.596026
0.7061 0.595903
0.7056 0.595654
0.7051 0.595529
0.7046 0.595277
0.7041 0.59515
0.7036 0.594895
0.7031 0.594766
0.7026 0.594507
0.7021 0.594376
0.7016 0.594114
0.7011 0.593981
0.7006 0.593715
0.7001 0.59358
0.6996 0.59331
0.6991 0.593173
0.6986 0.592899
0.6981 0.59276
0.6976 0.592482
0.6971 0.592341
0.6966 0.592058
0.6961 0.591916
0.6956 0.591629
0.6951 0.591484
0.6946 0.591192
0.6941 0.591045
0.6936 0.590749
0.6931 0.590599
0.6926 0.590298
0.6921 0.590146
0.6916 0.58984
0.6911 0.589685
0.6906 0.589374
0.6901 0.589217
0.6896 0.588901
0.6891 0.588741
0.6886 0.588419
0.6881 0.588257
0.6876 0.58793
0.6871 0.587764
0.6866 0.587431
0.6861 0.587263
0.6856 0.586924
0.6851 0.586752
0.6846 0.586407
0.6841 0.586233
0.6836 0.585881
0.6831 0.585703
0.6826 0.585345
0.6821 0.585164
0.6816 0.584799
0.6811 0.584614
0.6806 0.584241
0.6801 0.584053
0.6796 0.583673
0.6791 0.583481
0.6786 0.583094
0.6781 0.582897
0.6776 0.582502
0.6771 0.582302
0.6766 0.581898
0.6761 0.581693
0.6756 0.581281
0.6751 0.581071
0.6746 0.58065
0.6741 0.580436
0.6736 0.580004
0.6731 0.579786
0.6726 0.579344
0.6721 0.57912
0.6716 0.578668
0.6711 0.578439
0.6706 0.577976
0.6701 0.577741
0.6696 0.577267
0.6691 0.577026
0.6686 0.576539
0.6681 0.576292
0.6676 0.575793
0.6671 0.575539
0.6666 0.575027
0.6661 0.574766
0.6656 0.574239
0.6651 0.573971
0.6646 0.573429
0.6641 0.573153
0.6636 0.572596
0.6631 0.572311
0.6626 0.571737
0.6621 0.571444
0.6616 0.570851
0.6611 0.570549
0.6606 0.569937
0.6601 0.569625
0.6596 0.568993
0.6591 0.56867
0.6586 0.568016
0.6581 0.567682
0.6576 0.567004
0.6571 0.566658
0.6566 0.565955
0.6561 0.565595
0.6556 0.564865
0.6551 0.56449
0.6546 0.563731
0.6541 0.563341
0.6536 0.562549
0.6531 0.562142
0.6526 0.561316
0.6521 0.56089
0.6516 0.560025
0.6511 0.559579
0.6506 0.558672
0.6501 0.558204
0.6496 0.55725
0.6491 0.556757
0.6486 0.555751
0.6481 0.55523
0.6476 0.554166
0.6471 0.553614
0.6466 0.552484
0.6461 0.551897
0.6456 0.550694
0.6451 0.550066
0.6446 0.548777
0.6441 0.548102
0.6436 0.546715
0.6431 0.545986
0.6426 0.544484
0.6421 0.543691
0.6416 0.542052
0.6411 0.541182
0.6406 0.539377
0.6401 0.538413
0.6396 0.536405
0.6391 0.535323
0.6386 0.533056
0.6381 0.531822
0.6376 0.529219
0.6371 0.527782
0.6366 0.524722
0.6361 0.522998
0.6356 0.519277
0.6351 0.517114
0.6346 0.512345
0.6341 0.509432
0.6336 0.502747
0.6331 0.498218
0.6326 0.486777
0.6321 0.475681
0.6316 0.0757133
0.6311 0.0133366
