0.9596 0.999992
0.9591 0.999983
0.9586 0.999965
0.9581 0.999956
0.9576 0.999938
0.9571 0.999929
0.9566 0.999911
0.9561 0.999902
0.9556 0.999884
0.9551 0.999874
0.9546 0.999856
0.9541 0.999847
0.9536 0.999828
0.9531 0.999819
0.9526 0.999801
0.9521 0.999791
0.9516 0.999772
0.9511 0.999763
0.9506 0.999744
0.9501 0.999734
0.9496 0.999715
0.9491 0.999706
0.9486 0.999686
0.9481 0.999676
0.9476 0.999657
0.9471 0.999647
0.9466 0.999627
0.9461 0.999617
0.9456 0.999597
0.9451 0.999587
0.9446 0.999567
0.9441 0.999557
0.9436 0.999536
0.9431 0.999526
0.9426 0.999505
0.9421 0.999494
0.9416 0.999473
0.9411 0.999463
0.9406 0.999442
0.9401 0.999431
0.9396 0.999409
0.9391 0.999399
0.9386 0.999377
0.9381 0.999366
0.9376 0.999344
0.9371 0.999333
0.9366 0.99931
0.9361 0.999299
0.9356 0.999277
0.9351 0.999265
0.9346 0.999242
0.9341 0.999231
0.9336 0.999208
0.9331 0.999196
0.9326 0.999173
0.9321 0.999161
0.9316 0.999137
0.9311 0.999125
0.9306 0.999102
0.9301 0.99909
0.9296 0.999065
0.9291 0.999053
0.9286 0.999029
0.9281 0.999017
0.9276 0.998992
0.9271 0.998979
0.9266 0.998955
0.9261 0.998942
0.9256 0.998917
0.9251 0.998904
0.9246 0.998879
0.9241 0.998866
0.9236 0.99884
0.9231 0.998827
0.9226 0.998801
0.9221 0.998788
0.9216 0.998762
0.9211 0.998749
0.9206 0.998723
0.9201 0.998709
0.9196 0.998683
0.9191 0.998669
0.9186 0.998642
0.9181 0.998629
0.9176 0.998602
0.9171 0.998588
0.9166 0.998561
0.9161 0.998547
0.9156 0.998519
0.9151 0.998506
0.9146 0.998478
0.9141 0.998464
0.9136 0.998436
0.9131 0.998422
0.9126 0.998394
0.9121 0.998379
0.9116 0.998351
0.9111 0.998337
0.9106 0.998308
0.9101 0.998294
0.9096 0.998265
0.9091 0.99825
0.9086 0.998221
0.9081 0.998207
0.9076 0.998178
0.9071 0.998163
0.9066 0.998134
0.9061 0.998119
0.9056 0.998089
0.9051 0.998074
0.9046 0.998045
0.9041 0.99803
0.9036 0.998
0.9031 0.997985
0.9026 0.997955
0.9021 0.99794
0.9016 0.997909
0.9011 0.997894
0.9006 0.997864
0.9001 0.997848
0.8996 0.997818
0.8991 0.997802
0.8986 0.997772
0.8981 0.997756
0.8976 0.997725
0.8971 0.99771
0.8966 0.997679
0.8961 0.997663
0.8956 0.997632
0.8951 0.997616
0.8946 0.997585
0.8941 0.997569
0.8936 0.997538
0.8931 0.997522
0.8926 0.997491
0.8921 0.997475
0.8916 0.997443
0.8911 0.997427
0.8906 0.997395
0.8901 0.997379
0.8896 0.997347
0.8891 0.997331
0.8886 0.997299
0.8881 0.997283
0.8876 0.997251
0.8871 0.997235
0.8866 0.997203
0.8861 0.997186
0.8856 0.997154
0.8851 0.997138
0.8846 0.997105
0.8841 0.997089
0.8836 0.997056
0.8831 0.99704
0.8826 0.997007
0.8821 0.996991
0.8816 0.996958
0.8811 0.996942
0.8806 0.996909
0.8801 0.996892
0.8796 0.99686
0.8791 0.996843
0.8786 0.99681
0.8781 0.996793
0.8776 0.99676
0.8771 0.996744
0.8766 0.99671
0.8761 0.996694
0.8756 0.996661
0.8751 0.996644
0.8746 0.996611
0.8741 0.996594
0.8736 0.996561
0.8731 0.996544
0.8726 0.99651
0.8721 0.996494
0.8716 0.99646
0.8711 0.996443
0.8706 0.99641
0.8701 0.996393
0.8696 0.996359
0.8691 0.996342
0.8686 0.996309
0.8681 0.996292
0.8676 0.996258
0.8671 0.996241
0.8666 0.996207
0.8661 0.99619
0.8656 0.996157
0.8651 0.99614
0.8646 0.996106
0.8641 0.996089
0.8636 0.996055
0.8631 0.996038
0.8626 0.996004
0.8621 0.995987
0.8616 0.995953
0.8611 0.995936
0.8606 0.995902
0.8601 0.995885
0.8596 0.995851
0.8591 0.995834
0.8586 0.9958
0.8581 0.995783
0.8576 0.995748
0.8571 0.995731
0.8566 0.995697
0.8561 0.99568
0.8556 0.995646
0.8551 0.995629
0.8546 0.995595
0.8541 0.995577
0.8536 0.995543
0.8531 0.995526
0.8526 0.995492
0.8521 0.995475
0.8516 0.995441
0.8511 0.995423
0.8506 0.995389
0.8501 0.995372
0.8496 0.995338
0.8491 0.995321
0.8486 0.995286
0.8481 0.995269
0.8476 0.995235
0.8471 0.995218
0.8466 0.995183
0.8461 0.995166
0.8456 0.995132
0.8451 0.995115
0.8446 0.995081
0.8441 0.995063
0.8436 0.995029
0.8431 0.995012
0.8426 0.994978
0.8421 0.99496
0.8416 0.994926
0.8411 0.994909
0.8406 0.994875
0.8401 0.994858
0.8396 0.994823
0.8391 0.994806
0.8386 0.994772
0.8381 0.994755
0.8376 0.99472
0.8371 0.994703
0.8366 0.994669
0.8361 0.994652
0.8356 0.994618
0.8351 0.994601
0.8346 0.994566
0.8341 0.994549
0.8336 0.994515
0.8331 0.994498
0.8326 0.994464
0.8321 0.994447
0.8316 0.994412
0.8311 0.994395
0.8306 0.994361
0.8301 0.994344
0.8296 0.99431
0.8291 0.994293
0.8286 0.994259
0.8281 0.994242
0.8276 0.994207
0.8271 0.99419
0.8266 0.994156
0.8261 0.994139
0.8256 0.994105
0.8251 0.994088
0.8246 0.994054
0.8241 0.994037
0.8236 0.994003
0.8231 0.993986
0.8226 0.993952
0.8221 0.993935
0.8216 0.993901
0.8211 0.993884
0.8206 0.99385
0.8201 0.993833
0.8196 0.993799
0.8191 0.993782
0.8186 0.993749
0.8181 0.993732
0.8176 0.993698
0.8171 0.993681
0.8166 0.993647
0.8161 0.99363
0.8156 0.993596
0.8151 0.993579
0.8146 0.993546
0.8141 0.993529
0.8136 0.993495
0.8131 0.993478
0.8126 0.993445
0.8121 0.993428
0.8116 0.993394
0.8111 0.993377
0.8106 0.993344
0.8101 0.993327
0.8096 0.993293
0.8091 0.993277
0.8086 0.993243
0.8081 0.993226
0.8076 0.993193
0.8071 0.993176
0.8066 0.993143
0.8061 0.993126
0.8056 0.993093
0.8051 0.993076
0.8046 0.993043
0.8041 0.993026
0.8036 0.992993
0.8031 0.992976
0.8026 0.992943
0.8021 0.992926
0.8016 0.992893
0.8011 0.992876
0.8006 0.992843
0.8001 0.992826
0.7996 0.992793
0.7991 0.992777
0.7986 0.992744
0.7981 0.992727
0.7976 0.992694
0.7971 0.992678
0.7966 0.992645
0.7961 0.992628
0.7956 0.992595
0.7951 0.992579
0.7946 0.992546
0.7941 0.992529
0.7936 0.992497
0.7931 0.99248
0.7926 0.992447
0.7921 0.992431
0.7916 0.992398
0.7911 0.992382
0.7906 0.992349
0.7901 0.992333
0.7896 0.9923
0.7891 0.992284
0.7886 0.992251
0.7881 0.992235
0.7876 0.992202
0.7871 0.992186
0.7866 0.992154
0.7861 0.992137
0.7856 0.992105
0.7851 0.992089
0.7846 0.992056
0.7841 0.99204
0.7836 0.992008
0.7831 0.991992
0.7826 0.99196
0.7821 0.991943
0.7816 0.991911
0.7811 0.991895
0.7806 0.991863
0.7801 0.991847
0.7796 0.991815
0.7791 0.991799
0.7786 0.991767
0.7781 0.991751
0.7776 0.991719
0.7771 0.991703
0.7766 0.991671
0.7761 0.991655
0.7756 0.991623
0.7751 0.991607
0.7746 0.991575
0.7741 0.991559
0.7736 0.991527
0.7731 0.991512
0.7726 0.99148
0.7721 0.991464
0.7716 0.991432
0.7711 0.991417
0.7706 0.991385
0.7701 0.991369
0.7696 0.991338
0.7691 0.991322
0.7686 0.99129
0.7681 0.991275
0.7676 0.991243
0.7671 0.991228
0.7666 0.991196
0.7661 0.991181
0.7656 0.991149
0.7651 0.991134
0.7646 0.991102
0.7641 0.991087
0.7636 0.991056
0.7631 0.99104
0.7626 0.991009
0.7621 0.990993
0.7616 0.990962
0.7611 0.990947
0.7606 0.990916
0.7601 0.9909
0.7596 0.990869
0.7591 0.990854
0.7586 0.990823
0.7581 0.990808
0.7576 0.990777
0.7571 0.990762
0.7566 0.990731
0.7561 0.990715
0.7556 0.990685
0.7551 0.990669
0.7546 0.990639
0.7541 0.990624
0.7536 0.990593
0.7531 0.990578
0.7526 0.990547
0.7521 0.990532
0.7516 0.990502
0.7511 0.990486
0.7506 0.990456
0.7501 0.990441
0.7496 0.990411
0.7491 0.990395
0.7486 0.990365
0.7481 0.99035
0.7476 0.99032
0.7471 0.990305
0.7466 0.990275
0.7461 0.99026
0.7456 0.99023
0.7451 0.990215
0.7446 0.990185
0.7441 0.99017
0.7436 0.99014
0.7431 0.990125
0.7426 0.990095
0.7421 0.99008
0.7416 0.99005
0.7411 0.990035
0.7406 0.990006
0.7401 0.989991
0.7396 0.989961
0.7391 0.989946
0.7386 0.989917
0.7381 0.989902
0.7376 0.989873
0.7371 0.989858
0.7366 0.989828
0.7361 0.989814
0.7356 0.989784
0.7351 0.98977
0.7346 0.98974
0.7341 0.989726
0.7336 0.989696
0.7331 0.989682
0.7326 0.989653
0.7321 0.989638
0.7316 0.989609
0.7311 0.989594
0.7306 0.989565
0.7301 0.989551
0.7296 0.989522
0.7291 0.989507
0.7286 0.989478
0.7281 0.989464
0.7276 0.989435
0.7271 0.989421
0.7266 0.989392
0.7261 0.989378
0.7256 0.989349
0.7251 0.989334
0.7246 0.989306
0.7241 0.989292
0.7236 0.989263
0.7231 0.989249
0.7226 0.98922
0.7221 0.989206
0.7216 0.989177
0.7211 0.989163
0.7206 0.989135
0.7201 0.989121
0.7196 0.989092
0.7191 0.989078
0.7186 0.98905
0.7181 0.989036
0.7176 0.989008
0.7171 0.988994
0.7166 0.988966
0.7161 0.988952
0.7156 0.988923
0.7151 0.988909
0.7146 0.988881
0.7141 0.988868
0.7136 0.98884
0.7131 0.988826
0.7126 0.988798
0.7121 0.988784
0.7116 0.988756
0.7111 0.988742
0.7106 0.988715
0.7101 0.988701
0.7096 0.988673
0.7091 0.988659
0.7086 0.988632
0.7081 0.988618
0.7076 0.988591
0.7071 0.988577
0.7066 0.988549
0.7061 0.988536
0.7056 0.988508
0.7051 0.988495
0.7046 0.988467
0.7041 0.988454
0.7036 0.988427
0.7031 0.988413
0.7026 0.988386
0.7021 0.988372
0.7016 0.988345
0.7011 0.988332
0.7006 0.988305
0.7001 0.988291
0.6996 0.988264
0.6991 0.988251
0.6986 0.988224
0.6981 0.98821
0.6976 0.988184
0.6971 0.98817
0.6966 0.988144
0.6961 0.98813
0.6956 0.988104
0.6951 0.98809
0.6946 0.988064
0.6941 0.98805
0.6936 0.988024
0.6931 0.988011
0.6926 0.987984
0.6921 0.987971
0.6916 0.987945
0.6911 0.987931
0.6906 0.987905
0.6901 0.987892
0.6896 0.987866
0.6891 0.987853
0.6886 0.987826
0.6881 0.987813
0.6876 0.987787
0.6871 0.987774
0.6866 0.987748
0.6861 0.987735
0.6856 0.987709
0.6851 0.987696
0.6846 0.98767
0.6841 0.987657
0.6836 0.987632
0.6831 0.987619
0.6826 0.987593
0.6821 0.98758
0.6816 0.987554
0.6811 0.987542
0.6806 0.987516
0.6801 0.987503
0.6796 0.987478
0.6791 0.987465
0.6786 0.987439
0.6781 0.987427
0.6776 0.987401
0.6771 0.987389
0.6766 0.987363
0.6761 0.987351
0.6756 0.987325
0.6751 0.987313
0.6746 0.987287
0.6741 0.987275
0.6736 0.98725
0.6731 0.987237
0.6726 0.987212
0.6721 0.9872
0.6716 0.987175
0.6711 0.987162
0.6706 0.987137
0.6701 0.987125
0.6696 0.9871
0.6691 0.987088
0.6686 0.987063
0.6681 0.98705
0.6676 0.987026
0.6671 0.987013
0.6666 0.986989
0.6661 0.986976
0.6656 0.986952
0.6651 0.98694
0.6646 0.986915
0.6641 0.986903
0.6636 0.986878
0.6631 0.986866
0.6626 0.986842
0.6621 0.98683
0.6616 0.986805
0.6611 0.986793
0.6606 0.986769
0.6601 0.986757
0.6596 0.986733
0.6591 0.986721
0.6586 0.986697
0.6581 0.986685
0.6576 0.986661
0.6571 0.986649
0.6566 0.986625
0.6561 0.986613
0.6556 0.986589
0.6551 0.986577
0.6546 0.986553
0.6541 0.986541
0.6536 0.986518
0.6531 0.986506
0.6526 0.986482
0.6521 0.98647
0.6516 0.986447
0.6511 0.986435
0.6506 0.986411
0.6501 0.9864
0.6496 0.986376
0.6491 0.986365
0.6486 0.986341
0.6481 0.98633
0.6476 0.986306
0.6471 0.986295
0.6466 0.986271
0.6461 0.98626
0.6456 0.986237
0.6451 0.986225
0.6446 0.986202
0.6441 0.98619
0.6436 0.986167
0.6431 0.986156
0.6426 0.986133
0.6421 0.986121
0.6416 0.986099
0.6411 0.986087
0.6406 0.986064
0.6401 0.986053
0.6396 0.98603
0.6391 0.986019
0.6386 0.985996
0.6381 0.985985
0.6376 0.985962
0.6371 0.985951
0.6366 0.985928
0.6361 0.985917
0.6356 0.985895
0.6351 0.985883
0.6346 0.985861
0.6341 0.98585
0.6336 0.985827
0.6331 0.985816
0.6326 0.985794
0.6321 0.985783
0.6316 0.985756
0.6311 0.985765
