0.001 0.071109
0.011 0.0710748
0.021 0.0709864
0.031 0.0708463
0.041 0.0706573
0.051 0.0704219
0.061 0.0701427
0.071 0.0698222
0.081 0.0694628
0.091 0.0690666
0.101 0.0686356
0.111 0.0681718
0.121 0.0676769
0.131 0.0671526
0.141 0.0666005
0.151 0.066022
0.161 0.0654188
0.171 0.0647923
0.181 0.0641439
0.191 0.0634752
0.201 0.0627875
0.211 0.0620824
0.221 0.0613612
0.231 0.0606256
0.241 0.0598768
0.251 0.0591164
0.261 0.0583457
0.271 0.0575662
0.281 0.0567793
0.291 0.0559862
0.301 0.0551884
0.311 0.0543869
0.321 0.053583
0.331 0.052778
0.341 0.0519727
0.351 0.0511684
0.361 0.050366
0.371 0.0495664
0.381 0.0487704
0.391 0.0479789
0.401 0.0471926
0.411 0.0464123
0.421 0.0456384
0.431 0.0448717
0.441 0.0441126
0.451 0.0433617
0.461 0.0426193
0.471 0.0418858
0.481 0.0411615
0.491 0.0404469
0.501 0.039742
0.511 0.0390472
0.521 0.0383627
0.531 0.0376885
0.541 0.0370248
0.551 0.0363717
0.561 0.0357293
0.571 0.0350976
0.581 0.0344766
0.591 0.0338664
0.601 0.0332669
0.611 0.0326781
0.621 0.0320999
0.631 0.0315324
0.641 0.0309753
0.651 0.0304287
0.661 0.0298924
0.671 0.0293663
0.681 0.0288504
0.691 0.0283444
0.701 0.0278483
0.711 0.0273619
0.721 0.0268851
0.731 0.0264178
0.741 0.0259597
0.751 0.0255108
0.761 0.025071
0.771 0.0246399
0.781 0.0242176
0.791 0.0238039
0.801 0.0233985
0.811 0.0230013
0.821 0.0226123
0.831 0.0222312
0.841 0.0218578
0.851 0.0214921
0.861 0.0211338
0.871 0.0207829
0.881 0.0204391
0.891 0.0201024
0.901 0.0197726
0.911 0.0194494
0.921 0.0191329
0.931 0.0188228
0.941 0.0185191
0.951 0.0182215
0.961 0.01793
0.971 0.0176444
0.981 0.0173646
0.991 0.0170904
