899107.0 0.61111119
899156.0 0.61110719
899216.0 0.61110219
899290.0 0.61109619
899379.0 0.61109019
899487.0 0.61108419
899615.0 0.61107719
899766.0 0.61106919
899941.0 0.6110621900000001
900145.0 0.61105419
900378.0 0.61104519
900644.0 0.61103719
900946.0 0.61102819
901285.0 0.61101919
901666.0 0.61101019
902090.0 0.61100119
902562.0 0.61099219
903083.0 0.61098319
903658.0 0.61097419
904290.0 0.61096519
904981.0 0.61095619
905735.0 0.61094719
906554.0 0.61093819
907442.0 0.61093019
908401.0 0.61092119
909433.0 0.6109121900000001
910539.0 0.6109041900000001
911721.0 0.61089519
912980.0 0.61088719
914315.0 0.61087919
915727.0 0.61087119
917212.0 0.61086319
918769.0 0.61085519
920394.0 0.61084719
922084.0 0.61084019
923832.0 0.61083219
925633.0 0.61082519
927480.0 0.61081819
929366.0 0.61081019
931280.0 0.6108041900000001
933216.0 0.61079719
935164.0 0.61079019
937114.0 0.61078319
939057.0 0.6107771900000001
940984.0 0.61077119
942886.0 0.61076419
