45.5541 0.972218
91.5562 0.972084
138.009 0.971949
184.917 0.971815
232.282 0.97168
280.107 0.971544
328.396 0.971409
377.152 0.971273
426.378 0.971136
476.077 0.971
526.253 0.970863
576.908 0.970726
628.046 0.970588
679.67 0.97045
731.783 0.970312
784.389 0.970174
837.49 0.970035
891.09 0.969896
945.193 0.969756
999.801 0.969617
1054.92 0.969476
1110.55 0.969336
1166.69 0.969195
1223.36 0.969054
1280.54 0.968913
1338.25 0.968771
1396.49 0.96863
1455.27 0.968487
1514.57 0.968345
1574.42 0.968202
1634.81 0.968059
1695.75 0.967915
1757.23 0.967771
1819.27 0.967627
1881.86 0.967483
1945.02 0.967338
2008.73 0.967193
2073.01 0.967048
2137.87 0.966902
2203.29 0.966756
2269.3 0.96661
2335.88 0.966463
2403.05 0.966316
2470.8 0.966169
2539.15 0.966022
2608.09 0.965874
2677.62 0.965725
2747.76 0.965577
2818.51 0.965428
2889.86 0.965279
2961.83 0.96513
3034.41 0.96498
3107.62 0.96483
3181.44 0.96468
3255.89 0.964529
3330.98 0.964378
3406.69 0.964227
3483.05 0.964075
3560.05 0.963923
3637.69 0.963771
3715.98 0.963619
3794.92 0.963466
3874.52 0.963313
3954.78 0.963159
4035.7 0.963006
4117.29 0.962852
4199.55 0.962697
4282.49 0.962543
4366.1 0.962388
4450.4 0.962232
4535.38 0.962077
4621.05 0.961921
4707.42 0.961765
4794.48 0.961608
4882.25 0.961451
4970.72 0.961294
5059.89 0.961137
5149.79 0.960979
5240.39 0.960821
5331.72 0.960662
5423.77 0.960504
5516.55 0.960345
5610.06 0.960185
5704.31 0.960026
5799.3 0.959866
5895.03 0.959706
5991.51 0.959545
6088.74 0.959384
6186.72 0.959223
6285.46 0.959062
6384.97 0.9589
6485.24 0.958738
6586.29 0.958576
6688.1 0.958413
6790.7 0.95825
6894.08 0.958087
6998.25 0.957923
7103.2 0.957759
7208.95 0.957595
7315.5 0.957431
7422.86 0.957266
7531.01 0.957101
7639.98 0.956935
7749.77 0.95677
7860.37 0.956604
7971.79 0.956437
8084.04 0.956271
8197.12 0.956104
8311.04 0.955936
8425.79 0.955769
8541.39 0.955601
8657.83 0.955433
8775.13 0.955264
8893.27 0.955096
9012.28 0.954927
9132.15 0.954757
9252.89 0.954587
9374.5 0.954417
9496.98 0.954247
9620.34 0.954076
9744.59 0.953906
9869.72 0.953734
9995.74 0.953563
10122.7 0.953391
10250.5 0.953219
10379.2 0.953046
10508.8 0.952874
10639.4 0.952701
10770.8 0.952528
10903.2 0.952354
11036.5 0.95218
11170.8 0.952006
11305.9 0.951831
11442 0.951656
11579.1 0.951481
11717.1 0.951306
11856 0.95113
11995.9 0.950954
12136.7 0.950778
12278.5 0.950601
12421.3 0.950424
12565.1 0.950247
12709.8 0.950069
12855.5 0.949891
13002.2 0.949713
13149.8 0.949535
13298.5 0.949356
13448.2 0.949177
13598.8 0.948997
13750.5 0.948818
13903.1 0.948638
14056.8 0.948458
14211.5 0.948277
14367.2 0.948096
14524 0.947915
14681.8 0.947733
14840.6 0.947552
15000.4 0.94737
15161.3 0.947187
15323.2 0.947005
15486.2 0.946822
15650.2 0.946638
15815.3 0.946455
15981.5 0.946271
16148.7 0.946087
16317 0.945902
16486.4 0.945717
16656.8 0.945532
16828.3 0.945347
17001 0.945161
17174.7 0.944975
17349.5 0.944789
17525.4 0.944603
17702.4 0.944416
17880.6 0.944229
18059.8 0.944041
18240.2 0.943853
18421.6 0.943665
18604.3 0.943477
18788 0.943288
18972.9 0.943099
19158.9 0.94291
19346 0.942721
19534.3 0.942531
19723.8 0.942341
19914.4 0.94215
20106.2 0.94196
20299.1 0.941769
20493.2 0.941577
20688.5 0.941386
20885 0.941194
21082.6 0.941002
21281.5 0.940809
21481.5 0.940616
21682.7 0.940423
21885.1 0.94023
22088.7 0.940036
22293.6 0.939842
22499.6 0.939648
22706.8 0.939453
22915.3 0.939258
23125 0.939063
23335.9 0.938868
23548.1 0.938672
23761.5 0.938476
23976.1 0.93828
24192 0.938083
24409.1 0.937886
24627.5 0.937689
24847.2 0.937491
25068.1 0.937294
25290.2 0.937095
25513.7 0.936897
25738.4 0.936698
25964.4 0.936499
26191.7 0.9363
26420.3 0.936101
26650.1 0.935901
26881.3 0.935701
27113.7 0.9355
27347.5 0.935299
27582.6 0.935098
27819 0.934897
28056.7 0.934695
28295.7 0.934493
28536 0.934291
28777.7 0.934089
29020.7 0.933886
29265.1 0.933683
29510.8 0.933479
29757.8 0.933276
30006.2 0.933072
30255.9 0.932868
30507 0.932663
30759.5 0.932458
31013.3 0.932253
31268.6 0.932048
31525.1 0.931842
31783.1 0.931636
32042.4 0.93143
32303.2 0.931223
32565.3 0.931016
32828.8 0.930809
33093.7 0.930602
33360.1 0.930394
33627.8 0.930186
33896.9 0.929978
34167.5 0.929769
34439.5 0.92956
34712.9 0.929351
34987.7 0.929141
35264 0.928932
35541.7 0.928722
35820.8 0.928511
36101.4 0.928301
36383.4 0.92809
36666.9 0.927879
36951.9 0.927667
37238.3 0.927455
37526.2 0.927243
37815.5 0.927031
38106.3 0.926818
38398.6 0.926605
38692.4 0.926392
38987.6 0.926179
39284.4 0.925965
39582.6 0.925751
39882.4 0.925536
40183.6 0.925322
40486.3 0.925107
40790.6 0.924892
41096.3 0.924676
41403.6 0.92446
41712.4 0.924244
42022.7 0.924028
42334.6 0.923811
42647.9 0.923594
42962.9 0.923377
43279.3 0.923159
43597.3 0.922942
43916.9 0.922724
44238 0.922505
44560.6 0.922286
44884.8 0.922068
45210.6 0.921848
45537.9 0.921629
45866.8 0.921409
46197.3 0.921189
46529.4 0.920968
46863 0.920748
47198.2 0.920527
47535 0.920306
47873.5 0.920084
48213.5 0.919862
48555.1 0.919641
48898.3 0.919418
49243.1 0.919195
49589.5 0.918973
49937.5 0.918749
50287.2 0.918526
50638.5 0.918302
50991.4 0.918078
51345.9 0.917854
51702.1 0.917629
52059.9 0.917404
52419.3 0.917179
52780.4 0.916954
53143.1 0.916728
53507.5 0.916502
53873.6 0.916275
54241.2 0.916049
54610.6 0.915822
54981.6 0.915595
55354.3 0.915367
55728.7 0.91514
56104.7 0.914912
56482.4 0.914683
56861.8 0.914455
57242.9 0.914226
57625.7 0.913997
58010.1 0.913768
58396.3 0.913538
58784.2 0.913308
59173.7 0.913078
59565 0.912847
59958 0.912616
60352.7 0.912385
60749.1 0.912154
61147.2 0.911922
61547 0.91169
61948.6 0.911458
62351.9 0.911226
62756.9 0.910993
63163.7 0.91076
63572.2 0.910527
63982.5 0.910293
64394.5 0.910059
64808.2 0.909825
65223.7 0.909591
65641 0.909356
66060 0.909121
66480.8 0.908886
66903.3 0.90865
67327.6 0.908414
67753.7 0.908178
68181.5 0.907942
68611.1 0.907705
69042.5 0.907468
69475.7 0.907231
69910.7 0.906994
70347.5 0.906756
70786 0.906518
71226.4 0.90628
71668.5 0.906041
72112.4 0.905802
72558.2 0.905563
73005.7 0.905324
73455.1 0.905084
73906.3 0.904844
74359.3 0.904604
74814.1 0.904364
75270.7 0.904123
75729.2 0.903882
76189.4 0.90364
76651.6 0.903399
77115.5 0.903157
77581.3 0.902915
78048.9 0.902673
78518.3 0.90243
78989.6 0.902187
79462.8 0.901944
79937.8 0.9017
80414.6 0.901456
80893.3 0.901212
81373.9 0.900968
81856.3 0.900723
82340.5 0.900479
82826.7 0.900233
83314.7 0.899988
83804.5 0.899742
84296.3 0.899496
84789.9 0.89925
85285.4 0.899004
85782.8 0.898757
86282 0.89851
86783.1 0.898263
87286.2 0.898015
87791.1 0.897767
88297.9 0.897519
88806.6 0.897271
89317.2 0.897022
89829.7 0.896773
90344.1 0.896524
90860.4 0.896275
91378.5 0.896025
91898.7 0.895775
92420.7 0.895524
92944.6 0.895274
93470.4 0.895023
93998.2 0.894772
94527.9 0.894521
95059.5 0.894269
95593 0.894017
96128.4 0.893765
96665.8 0.893513
97205.1 0.89326
97746.3 0.893007
98289.5 0.892754
98834.6 0.8925
99381.6 0.892246
99930.6 0.891992
100481 0.891738
101034 0.891484
101589 0.891229
102146 0.890974
102705 0.890718
103265 0.890463
103828 0.890207
104392 0.889951
104959 0.889694
105527 0.889437
106098 0.889181
106670 0.888923
107245 0.888666
107821 0.888408
108399 0.88815
108979 0.887892
109562 0.887633
110146 0.887374
110732 0.887115
111320 0.886856
111910 0.886596
112502 0.886336
113096 0.886076
113692 0.885816
114290 0.885555
114890 0.885294
115492 0.885033
116096 0.884772
116702 0.88451
117310 0.884248
117920 0.883986
118532 0.883723
119146 0.88346
119762 0.883197
120380 0.882934
121000 0.882671
121622 0.882407
122246 0.882143
122872 0.881878
123499 0.881614
124129 0.881349
124761 0.881084
125395 0.880818
126031 0.880553
126669 0.880287
127309 0.880021
127951 0.879754
128595 0.879488
129241 0.87922
129889 0.878953
130539 0.878686
131191 0.878418
131845 0.87815
132501 0.877882
133159 0.877613
133819 0.877345
134481 0.877076
135145 0.876806
135811 0.876537
136479 0.876267
137149 0.875997
137822 0.875727
138496 0.875456
139172 0.875185
139850 0.874914
140531 0.874643
141213 0.874371
141897 0.8741
142584 0.873827
143272 0.873555
143962 0.873282
144655 0.873009
145349 0.872736
146046 0.872463
146744 0.87219
147445 0.871916
148147 0.871641
148852 0.871367
149558 0.871092
150267 0.870817
150978 0.870542
151690 0.870267
152405 0.869991
153122 0.869715
153840 0.869439
154561 0.869162
155284 0.868886
156009 0.868609
156736 0.868332
157465 0.868054
158196 0.867776
158929 0.867499
159664 0.86722
160401 0.866942
161140 0.866663
161881 0.866384
162624 0.866105
163369 0.865826
164116 0.865546
164865 0.865266
165617 0.864986
166370 0.864705
167125 0.864424
167883 0.864143
168642 0.863862
169403 0.863581
170167 0.863299
170932 0.863017
171699 0.862735
172469 0.862452
173240 0.862169
174014 0.861886
174789 0.861603
175567 0.86132
176347 0.861036
177128 0.860752
177912 0.860468
178697 0.860183
179485 0.859898
180275 0.859614
181066 0.859328
181860 0.859043
182656 0.858757
183454 0.858471
184253 0.858185
185055 0.857899
185859 0.857612
186665 0.857325
187472 0.857038
188282 0.85675
189094 0.856462
189908 0.856175
190724 0.855886
191542 0.855598
192361 0.855309
193183 0.85502
194007 0.854731
194833 0.854442
195661 0.854152
196491 0.853862
197322 0.853572
198156 0.853281
198992 0.852991
199830 0.8527
200670 0.852409
201511 0.852118
202355 0.851826
203201 0.851534
204049 0.851242
204898 0.850949
205750 0.850657
206604 0.850364
207460 0.850071
208317 0.849778
209177 0.849484
210038 0.84919
210902 0.848896
211768 0.848602
212635 0.848307
213505 0.848013
214376 0.847718
215250 0.847422
216125 0.847127
217002 0.846831
217882 0.846535
218763 0.846239
219646 0.845942
220531 0.845646
221418 0.845349
222307 0.845052
223198 0.844754
224091 0.844457
224986 0.844159
225883 0.843861
226782 0.843562
227683 0.843263
228585 0.842965
229490 0.842666
230396 0.842367
231305 0.842067
232215 0.841767
233128 0.841468
234042 0.841167
234958 0.840865
235876 0.840566
236796 0.840264
237718 0.839962
238642 0.839663
239567 0.83936
240495 0.839057
241425 0.838757
242356 0.838453
243289 0.83815
244225 0.837849
245162 0.837545
246101 0.83724
247041 0.836939
247984 0.836634
248929 0.836329
249875 0.836027
250824 0.835721
251774 0.835415
252726 0.835112
253680 0.834806
254636 0.8345
255594 0.834196
256553 0.833889
257515 0.833582
258478 0.833277
259443 0.83297
260410 0.832662
261379 0.832357
262350 0.832049
263322 0.83174
264297 0.831434
265273 0.831125
266251 0.830816
267231 0.830509
268212 0.8302
269196 0.82989
270181 0.829583
271168 0.829272
272157 0.828961
273148 0.828654
274141 0.828342
275135 0.828031
276131 0.827723
277129 0.827411
278129 0.827099
279130 0.82679
280133 0.826477
281139 0.826164
282145 0.825854
283154 0.825541
284164 0.825228
285177 0.824917
286190 0.824603
287206 0.824289
288223 0.823978
289243 0.823663
290264 0.823349
291286 0.823037
292311 0.822721
293337 0.822406
294365 0.822093
295394 0.821777
296426 0.821461
297459 0.821148
298493 0.820831
299530 0.820515
300568 0.820201
301608 0.819883
302649 0.819566
303693 0.819251
304738 0.818933
305784 0.818615
306833 0.8183
307883 0.817981
308934 0.817662
309988 0.817346
311043 0.817027
312100 0.816711
313158 0.816391
314218 0.816071
315280 0.815754
316343 0.815433
317408 0.815113
318475 0.814795
319543 0.814474
320613 0.814153
321684 0.813834
322757 0.813513
323832 0.813191
324908 0.812872
325986 0.812549
327066 0.812226
328147 0.811907
329230 0.811584
330314 0.81126
331400 0.81094
332487 0.810616
333577 0.810292
334667 0.809971
335759 0.809647
336853 0.809322
337949 0.809001
339045 0.808675
340144 0.80835
341244 0.808028
342345 0.807702
343448 0.807376
344553 0.807053
345659 0.806727
346767 0.8064
347876 0.806077
348987 0.80575
350099 0.805422
351212 0.805098
352328 0.80477
353444 0.804442
354562 0.804118
355682 0.803789
356803 0.803461
357926 0.803135
359050 0.802806
360175 0.802477
361302 0.802151
362430 0.801821
363560 0.801491
364692 0.801164
365824 0.800834
366958 0.800504
368094 0.800176
369231 0.799845
370369 0.799514
371509 0.799186
372650 0.798854
373793 0.798523
374937 0.798194
376082 0.797862
377229 0.797529
378377 0.7972
379527 0.796867
380678 0.796534
381830 0.796204
382983 0.795871
384138 0.795537
385295 0.795206
386452 0.794872
387611 0.794538
388771 0.794207
389933 0.793872
391096 0.793537
392260 0.793205
393426 0.79287
394593 0.792534
395761 0.792202
396930 0.791866
398101 0.791529
399273 0.791196
400446 0.79086
401621 0.790523
402796 0.790189
403973 0.789852
405152 0.789514
406331 0.78918
407512 0.788842
408694 0.788504
409877 0.788169
411061 0.787831
412247 0.787492
413434 0.787156
414622 0.786817
415811 0.786478
417002 0.786142
418193 0.785802
419386 0.785462
420580 0.785125
421775 0.784785
422971 0.784444
424169 0.784107
425367 0.783766
426567 0.783424
427768 0.783087
428970 0.782745
430173 0.782403
431377 0.782064
432582 0.781722
433789 0.78138
434996 0.781041
436205 0.780698
437415 0.780355
438626 0.780015
439837 0.779672
441050 0.779328
442264 0.778987
443479 0.778643
444695 0.778299
445913 0.777958
447131 0.777614
448350 0.777269
449570 0.776927
450791 0.776582
452014 0.776236
453237 0.775894
454461 0.775548
455686 0.775202
456913 0.774859
458140 0.774513
459368 0.774166
460597 0.773823
461827 0.773476
463058 0.773129
464290 0.772785
465523 0.772437
466757 0.772089
467992 0.771745
469228 0.771396
470464 0.771048
471702 0.770703
472940 0.770354
474180 0.770005
475420 0.769659
476661 0.76931
477903 0.76896
479146 0.768614
480389 0.768264
481634 0.767914
482879 0.767567
484126 0.767216
485373 0.766869
486621 0.766518
487869 0.766167
489119 0.765819
490369 0.765467
491620 0.765116
492872 0.764767
494125 0.764415
495379 0.764063
496633 0.763714
497888 0.763361
499144 0.763008
500400 0.762658
501658 0.762305
502916 0.761952
504174 0.761601
505434 0.761248
506694 0.760893
507955 0.760543
509217 0.760188
510479 0.759834
511742 0.759482
513006 0.759127
514270 0.758772
515535 0.75842
516801 0.758065
518068 0.757709
519335 0.757356
520602 0.757
521871 0.756644
523140 0.756291
524409 0.755934
525679 0.755577
526950 0.755224
528222 0.754866
529494 0.754509
530766 0.754155
532039 0.753797
533313 0.753439
534588 0.753084
535862 0.752726
537138 0.752367
538414 0.752012
539690 0.751653
540967 0.751294
542245 0.750938
543523 0.750579
544802 0.750219
546081 0.749863
547360 0.749502
548641 0.749142
549921 0.748785
551202 0.748425
552484 0.748064
553766 0.747706
555048 0.747345
556331 0.746984
557614 0.746626
558898 0.746264
560182 0.745902
561467 0.745544
562752 0.745181
564037 0.744819
565323 0.74446
566609 0.744097
567896 0.743734
569183 0.743374
570470 0.743011
571758 0.742647
573046 0.742287
574334 0.741923
575623 0.741559
576912 0.741199
578202 0.740834
579491 0.740469
580781 0.740108
582072 0.739743
583362 0.739378
584653 0.739016
585945 0.738651
587236 0.738285
588528 0.737923
589820 0.737557
591112 0.73719
592405 0.736828
593697 0.736461
594990 0.736094
596284 0.735731
597577 0.735364
598871 0.734997
600165 0.734633
601459 0.734265
602753 0.733897
604047 0.733533
605342 0.733165
606637 0.732796
607932 0.732431
609227 0.732063
610522 0.731694
611817 0.731328
613113 0.730959
614408 0.73059
615704 0.730224
617000 0.729854
618296 0.729484
619592 0.729118
620888 0.728747
622184 0.728377
623481 0.72801
624777 0.727639
626074 0.727268
627370 0.726901
628667 0.726529
629963 0.726158
631260 0.72579
632556 0.725418
633853 0.725046
635150 0.724678
636446 0.724305
637743 0.723933
639040 0.723564
640336 0.723191
641633 0.722818
642930 0.722448
644226 0.722075
645523 0.721701
646819 0.721331
648115 0.720957
649412 0.720583
650708 0.720213
652004 0.719839
653300 0.719464
654596 0.719093
655892 0.718718
657188 0.718343
658483 0.717972
659779 0.717596
661074 0.717221
662369 0.716849
663664 0.716473
664959 0.716097
666254 0.715724
667549 0.715348
668843 0.714971
670137 0.714598
671431 0.714222
672725 0.713845
674019 0.713471
675312 0.713094
676606 0.71272
677899 0.712342
679191 0.711964
680484 0.71159
681776 0.711212
683068 0.710834
684360 0.710459
685652 0.71008
686943 0.709701
688234 0.709326
689524 0.708947
690815 0.708568
692105 0.708192
693395 0.707812
694684 0.707433
695973 0.707056
697262 0.706676
698550 0.706296
699838 0.705919
701126 0.705539
702414 0.705158
703701 0.704781
704987 0.7044
706274 0.704019
707560 0.703641
708845 0.703259
710130 0.702878
711415 0.7025
712699 0.702118
715583 0.701736
718442 0.700751
721278 0.699772
724089 0.6988
726878 0.697833
729643 0.696873
732386 0.69592
735106 0.694972
737804 0.694031
740479 0.693096
743133 0.692166
745765 0.691243
748375 0.690326
750964 0.689415
753533 0.688509
756080 0.68761
758607 0.686716
761114 0.685828
763600 0.684946
766066 0.684069
768513 0.683198
770941 0.682333
773348 0.681473
775737 0.680619
778107 0.67977
780458 0.678927
782791 0.678089
785105 0.677257
787401 0.67643
789679 0.675608
791939 0.674791
794181 0.67398
796406 0.673174
798614 0.672373
800805 0.671577
802978 0.670787
805135 0.670001
807275 0.66922
809399 0.668445
811506 0.667674
813597 0.666909
815672 0.666148
817732 0.665392
819775 0.664641
821803 0.663895
823816 0.663153
825813 0.662417
827796 0.661685
829763 0.660957
831715 0.660235
833653 0.659517
835576 0.658803
837485 0.658094
839380 0.65739
841260 0.65669
843126 0.655995
844979 0.655304
846817 0.654617
848642 0.653935
850454 0.653257
852252 0.652584
854036 0.651915
855808 0.65125
857567 0.650589
859312 0.649933
861045 0.649281
862765 0.648633
864473 0.647989
866168 0.647349
867850 0.646714
869521 0.646082
871179 0.645455
872825 0.644831
874460 0.644212
876082 0.643596
877693 0.642985
879292 0.642377
880879 0.641773
882456 0.641173
884020 0.640577
885574 0.639985
887116 0.639397
888648 0.638812
890168 0.638231
891678 0.637654
893176 0.637081
894664 0.636511
896142 0.635945
897609 0.635382
899065 0.634823
