0.000184116 3.87208
0.00036918 3.86772
0.000555194 3.86338
0.000742162 3.85905
0.000930087 3.85474
0.00111897 3.85043
0.00130882 3.84614
0.00149964 3.84185
0.00169143 3.83759
0.0018842 3.83332
0.00207794 3.82908
0.00227267 3.82484
0.00246838 3.82062
0.00266508 3.8164
0.00286277 3.8122
0.00306145 3.80801
0.00326114 3.80383
0.00346183 3.79966
0.00366353 3.79551
0.00386623 3.79136
0.00406995 3.78722
0.00427469 3.7831
0.00448045 3.77899
0.00468723 3.77488
0.00489504 3.77079
0.00510388 3.76671
0.00531376 3.76263
0.00552467 3.75858
0.00573663 3.75453
0.00594963 3.75049
0.00616369 3.74646
0.00637879 3.74245
0.00659496 3.73844
0.00681218 3.73445
0.00703046 3.73046
0.00724982 3.72649
0.00747024 3.72252
0.00769175 3.71857
0.00791432 3.71463
0.00813799 3.7107
0.00836273 3.70677
0.00858857 3.70286
0.0088155 3.69896
0.00904353 3.69507
0.00927266 3.69118
0.00950289 3.68732
0.00973423 3.68345
0.00996668 3.6796
0.0102003 3.67576
0.0104349 3.67192
0.0106707 3.66811
0.0109077 3.66429
0.0111458 3.66049
0.011385 3.6567
0.0116253 3.65292
0.0118668 3.64914
0.0121094 3.64538
0.0123532 3.64163
0.0125981 3.63789
0.0128442 3.63415
0.0130914 3.63043
0.0133399 3.62671
0.0135894 3.62301
0.0138402 3.61931
0.0140921 3.61563
0.0143452 3.61195
0.0145995 3.60828
0.014855 3.60462
0.0151117 3.60098
0.0153695 3.59733
0.0156286 3.59371
0.0158889 3.59008
0.0161503 3.58647
0.016413 3.58287
0.0166769 3.57927
0.016942 3.57569
0.0172084 3.57211
0.0174759 3.56855
0.0177447 3.56499
0.0180148 3.56144
0.018286 3.5579
0.0185585 3.55437
0.0188323 3.55085
0.0191073 3.54734
0.0193836 3.54383
0.0196611 3.54034
0.0199399 3.53685
0.0202199 3.53337
0.0205012 3.5299
0.0207838 3.52644
0.0210677 3.52299
0.0213528 3.51955
0.0216392 3.51611
0.0219269 3.51269
0.0222159 3.50927
0.0225063 3.50586
0.0227979 3.50246
0.0230908 3.49907
0.023385 3.49568
0.0236805 3.4923
0.0239774 3.48894
0.0242756 3.48558
0.0245751 3.48223
0.0248759 3.47889
0.025178 3.47555
0.0254815 3.47223
0.0257864 3.46891
0.0260926 3.4656
0.0264001 3.4623
0.026709 3.45901
0.0270192 3.45572
0.0273308 3.45244
0.0276438 3.44918
0.0279581 3.44591
0.0282739 3.44266
0.0285909 3.43942
0.0289094 3.43618
0.0292293 3.43295
0.0295505 3.42973
0.0298732 3.42652
0.0301972 3.42331
0.0305227 3.42011
0.0308495 3.41692
0.0311778 3.41374
0.0315075 3.41056
0.0318386 3.4074
0.0321711 3.40424
0.032505 3.40109
0.0328404 3.39794
0.0331772 3.39481
0.0335155 3.39168
0.0338552 3.38856
0.0341963 3.38544
0.0345389 3.38234
0.034883 3.37924
0.0352285 3.37615
0.0355755 3.37306
0.0359239 3.36999
0.0362738 3.36692
0.0366253 3.36386
0.0369781 3.3608
0.0373325 3.35776
0.0376884 3.35471
0.0380457 3.35169
0.0384046 3.34866
0.0387649 3.34564
0.0391268 3.34263
0.0394902 3.33962
0.0398551 3.33663
0.0402215 3.33364
0.0405894 3.33066
0.0409589 3.32768
0.0413299 3.32471
0.0417024 3.32175
0.0420765 3.3188
0.0424521 3.31585
0.0428292 3.31291
0.043208 3.30998
0.0435882 3.30705
0.0439701 3.30413
0.0443535 3.30122
0.0447385 3.29831
0.045125 3.29542
0.0455132 3.29252
0.0459029 3.28964
0.0462942 3.28676
0.0466871 3.28389
0.0470816 3.28102
0.0474777 3.27817
0.0478754 3.27531
0.0482747 3.27247
0.0486757 3.26963
0.0490782 3.2668
0.0494824 3.26397
0.0498882 3.26115
0.0502956 3.25835
0.0507047 3.25554
0.0511154 3.25274
0.0515277 3.24995
0.0519417 3.24716
0.0523574 3.24438
0.0527747 3.24161
0.0531937 3.23884
0.0536143 3.23609
0.0540367 3.23333
0.0544606 3.23059
0.0548863 3.22784
0.0553137 3.22511
0.0557427 3.22238
0.0561735 3.21966
0.0566059 3.21694
0.05704 3.21424
0.0574759 3.21153
0.0579134 3.20884
0.0583527 3.20615
0.0587937 3.20346
0.0592364 3.20078
0.0596809 3.19811
0.0601271 3.19545
0.060575 3.19278
0.0610246 3.19013
0.061476 3.18748
0.0619292 3.18484
0.0623841 3.18221
0.0628408 3.17958
0.0632992 3.17695
0.0637594 3.17434
0.0642214 3.17173
0.0646852 3.16912
0.0651507 3.16652
0.065618 3.16393
0.0660872 3.16134
0.0665581 3.15876
0.0670308 3.15618
0.0675053 3.15361
0.0679816 3.15105
0.0684598 3.14849
0.0689398 3.14594
0.0694215 3.14339
0.0699052 3.14085
0.0703906 3.13831
0.0708779 3.13579
0.071367 3.13326
0.071858 3.13074
0.0723508 3.12823
0.0728455 3.12572
0.073342 3.12322
0.0738404 3.12073
0.0743407 3.11824
0.0748428 3.11575
0.0753468 3.11327
0.0758527 3.1108
0.0763605 3.10833
0.0768702 3.10587
0.0773817 3.10341
0.0778952 3.10097
0.0784106 3.09852
0.0789279 3.09608
0.0794471 3.09364
0.0799682 3.09122
0.0804912 3.08879
0.0810162 3.08637
0.0815431 3.08396
0.082072 3.08155
0.0826027 3.07915
0.0831355 3.07675
0.0836701 3.07436
0.0842068 3.07197
0.0847454 3.06959
0.0852859 3.06722
0.0858284 3.06485
0.0863729 3.06248
0.0869194 3.06012
0.0874679 3.05777
0.0880183 3.05542
0.0885708 3.05307
0.0891252 3.05074
0.0896816 3.0484
0.0902401 3.04608
0.0908005 3.04375
0.091363 3.04143
0.0919275 3.03912
0.092494 3.03681
0.0930626 3.03451
0.0936331 3.03221
0.0942058 3.02992
0.0947804 3.02763
0.0953571 3.02535
0.0959359 3.02307
0.0965167 3.0208
0.0970996 3.01853
0.0976845 3.01627
0.0982716 3.01401
0.0988606 3.01176
0.0994518 3.00951
0.100045 3.00727
0.10064 3.00503
0.101238 3.00279
0.101837 3.00056
0.102439 2.99834
0.103043 2.99612
0.103649 2.99391
0.104257 2.9917
0.104867 2.9895
0.105479 2.9873
0.106093 2.9851
0.10671 2.98291
0.107328 2.98073
0.107949 2.97855
0.108572 2.97637
0.109197 2.9742
0.109825 2.97204
0.110454 2.96987
0.111086 2.96772
0.111719 2.96557
0.112355 2.96342
0.112993 2.96128
0.113634 2.95914
0.114276 2.95701
0.114921 2.95487
0.115568 2.95275
0.116217 2.95063
0.116868 2.94852
0.117522 2.94641
0.118178 2.9443
0.118836 2.9422
0.119496 2.9401
0.120158 2.93801
0.120823 2.93592
0.12149 2.93384
0.122159 2.93176
0.12283 2.92969
0.123504 2.92762
0.12418 2.92555
0.124858 2.92349
0.125539 2.92143
0.126222 2.91938
0.126907 2.91733
0.127594 2.91529
0.128284 2.91325
0.128976 2.91122
0.12967 2.90919
0.130366 2.90716
0.131065 2.90514
0.131766 2.90312
0.13247 2.90111
0.133176 2.8991
0.133884 2.8971
0.134594 2.89509
0.135307 2.8931
0.136022 2.89111
0.13674 2.88912
0.13746 2.88714
0.138182 2.88516
0.138906 2.88318
0.139633 2.88122
0.140363 2.87925
0.141094 2.87729
0.141828 2.87533
0.142565 2.87338
0.143304 2.87142
0.144045 2.86948
0.144789 2.86754
0.145535 2.8656
0.146283 2.86367
0.147034 2.86174
0.147787 2.85981
0.148543 2.85789
0.149301 2.85598
0.150062 2.85406
0.150825 2.85215
0.15159 2.85025
0.152358 2.84835
0.153128 2.84645
0.153901 2.84456
0.154677 2.84267
0.155454 2.84079
0.156235 2.8389
0.157017 2.83703
0.157802 2.83515
0.15859 2.83329
0.15938 2.83142
0.160173 2.82956
0.160968 2.8277
0.161766 2.82585
0.162566 2.824
0.163368 2.82215
0.164174 2.82031
0.164981 2.81847
0.165792 2.81664
0.166604 2.81481
0.16742 2.81299
0.168238 2.81116
0.169058 2.80935
0.169881 2.80753
0.170706 2.80572
0.171535 2.80391
0.172365 2.80211
0.173198 2.80031
0.174034 2.79851
0.174873 2.79672
0.175713 2.79493
0.176557 2.79315
0.177403 2.79137
0.178252 2.78959
0.179103 2.78782
0.179957 2.78605
0.180814 2.78428
0.181673 2.78252
0.182535 2.78076
0.183399 2.77901
0.184266 2.77725
0.185136 2.77551
0.186008 2.77376
0.186883 2.77202
0.187761 2.77028
0.188641 2.76855
0.189524 2.76682
0.19041 2.7651
0.191298 2.76337
0.192189 2.76165
0.193083 2.75994
0.193979 2.75823
0.194878 2.75652
0.19578 2.75481
0.196684 2.75311
0.197591 2.75142
0.198501 2.74972
0.199413 2.74803
0.200329 2.74634
0.201247 2.74466
0.202167 2.74298
0.203091 2.7413
0.204017 2.73963
0.204946 2.73796
0.205877 2.73629
0.206812 2.73463
0.207749 2.73297
0.208689 2.73131
0.209631 2.72966
0.210577 2.72801
0.211525 2.72637
0.212476 2.72472
0.21343 2.72309
0.214386 2.72145
0.215346 2.71982
0.216308 2.71819
0.217273 2.71656
0.21824 2.71494
0.219211 2.71332
0.220184 2.71171
0.221161 2.7101
0.22214 2.70848
0.223121 2.70688
0.224106 2.70528
0.225094 2.70368
0.226084 2.70208
0.227077 2.70049
0.228073 2.6989
0.229072 2.69731
0.230074 2.69573
0.231079 2.69415
0.232086 2.69258
0.233096 2.691
0.23411 2.68943
0.235126 2.68787
0.236145 2.6863
0.237167 2.68474
0.238192 2.68319
0.239219 2.68163
0.24025 2.68008
0.241283 2.67853
0.24232 2.67699
0.243359 2.67545
0.244402 2.67391
0.245447 2.67238
0.246495 2.67085
0.247546 2.66932
0.2486 2.66779
0.249657 2.66627
0.250717 2.66475
0.25178 2.66323
0.252846 2.66172
0.253915 2.66021
0.254987 2.6587
0.256061 2.6572
0.257139 2.6557
0.25822 2.6542
0.259304 2.65271
0.26039 2.65122
0.26148 2.64973
0.262573 2.64824
0.263669 2.64676
0.264767 2.64528
0.265869 2.6438
0.266974 2.64233
0.268082 2.64086
0.269193 2.63939
0.270307 2.63793
0.271423 2.63647
0.272543 2.63501
0.273666 2.63355
0.274793 2.6321
0.275922 2.63065
0.277054 2.6292
0.278189 2.62776
0.279327 2.62632
0.280469 2.62488
0.281613 2.62345
0.282761 2.62201
0.283912 2.62058
0.285065 2.61916
0.286222 2.61774
0.287382 2.61631
0.288545 2.6149
0.289711 2.61348
0.290881 2.61207
0.292053 2.61066
0.293229 2.60926
0.294407 2.60785
0.295589 2.60645
0.296774 2.60505
0.297962 2.60366
0.299153 2.60227
0.300348 2.60088
0.301545 2.59949
0.302746 2.59811
0.30395 2.59673
0.305157 2.59535
0.306367 2.59398
0.30758 2.5926
0.308797 2.59123
0.310017 2.58987
0.311239 2.5885
0.312466 2.58714
0.313695 2.58578
0.314927 2.58443
0.316163 2.58308
0.317402 2.58172
0.318644 2.58038
0.31989 2.57903
0.321138 2.57769
0.32239 2.57635
0.323645 2.57502
0.324903 2.57368
0.326165 2.57235
0.32743 2.57102
0.328698 2.5697
0.329969 2.56837
0.331244 2.56705
0.332522 2.56573
0.333803 2.56442
0.335087 2.56311
0.336375 2.5618
0.337666 2.56049
0.33896 2.55919
0.340257 2.55788
0.341558 2.55658
0.342862 2.55529
0.34417 2.55399
0.34548 2.5527
0.346794 2.55141
0.348112 2.55013
0.349432 2.54884
0.350756 2.54756
0.352084 2.54628
0.353414 2.54501
0.354748 2.54373
0.356086 2.54247
0.357426 2.5412
0.35877 2.53993
0.360118 2.53867
0.361468 2.53741
0.362822 2.53615
0.36418 2.53489
0.365541 2.53364
0.366905 2.53239
0.368273 2.53114
0.369643 2.5299
0.371018 2.52866
0.372396 2.52742
0.373777 2.52618
0.375161 2.52494
0.376549 2.52371
0.37794 2.52248
0.379335 2.52125
0.380733 2.52003
0.382135 2.5188
0.38354 2.51758
0.384948 2.51637
0.38636 2.51515
0.387776 2.51394
0.389194 2.51273
0.390617 2.51152
0.392042 2.51031
0.393471 2.50911
0.394904 2.50791
0.39634 2.50671
0.397779 2.50551
0.399222 2.50432
0.400669 2.50313
0.402119 2.50194
0.403572 2.50075
0.405029 2.49957
0.406489 2.49839
0.407953 2.49721
0.40942 2.49603
0.410891 2.49486
0.412365 2.49369
0.413843 2.49252
0.415325 2.49135
0.41681 2.49018
0.418298 2.48902
0.41979 2.48786
0.421285 2.48671
0.422784 2.48555
0.424287 2.4844
0.425793 2.48324
0.427302 2.4821
0.428816 2.48095
0.430332 2.47981
0.431853 2.47867
0.433376 2.47753
0.434904 2.47639
0.436435 2.47526
0.437969 2.47412
0.439507 2.47299
0.441049 2.47186
0.442594 2.47074
0.444143 2.46962
0.445695 2.46849
0.447251 2.46738
0.448811 2.46626
0.450374 2.46515
0.451941 2.46403
0.453511 2.46292
0.455086 2.46182
0.456663 2.46071
0.458244 2.45961
0.459829 2.45851
0.461418 2.45741
0.46301 2.45631
0.464606 2.45522
0.466205 2.45413
0.467808 2.45304
0.469415 2.45195
0.471025 2.45087
0.472639 2.44978
0.474257 2.4487
0.475879 2.44762
0.477504 2.44655
0.479132 2.44547
0.480765 2.4444
0.482401 2.44333
0.48404 2.44226
0.485684 2.4412
0.487331 2.44013
0.488982 2.43907
0.490636 2.43801
0.492294 2.43696
0.493956 2.4359
0.495622 2.43485
0.497291 2.4338
0.498964 2.43275
0.500641 2.43171
0.502321 2.43066
0.504005 2.42962
0.505693 2.42858
0.507385 2.42754
0.50908 2.42651
0.510779 2.42547
0.512482 2.42444
0.514188 2.42341
0.515899 2.42239
0.517613 2.42136
0.51933 2.42034
0.521052 2.41932
0.522777 2.4183
0.524506 2.41728
0.526239 2.41627
0.527976 2.41525
0.529716 2.41424
0.53146 2.41323
0.533208 2.41223
0.53496 2.41122
0.536716 2.41022
0.538475 2.40922
0.540238 2.40822
0.542005 2.40723
0.543776 2.40623
0.54555 2.40524
0.547329 2.40425
0.549111 2.40326
0.550897 2.40228
0.552686 2.40129
0.55448 2.40031
0.556277 2.39933
0.558079 2.39835
0.559884 2.39738
0.561693 2.3964
0.563505 2.39543
0.565322 2.39446
0.567142 2.39349
0.568967 2.39253
0.570795 2.39156
0.572627 2.3906
0.574463 2.38964
0.576302 2.38868
0.578146 2.38773
0.579993 2.38677
0.581845 2.38582
0.5837 2.38487
0.585559 2.38392
0.587422 2.38298
0.589289 2.38203
0.591159 2.38109
0.593034 2.38015
0.594913 2.37921
0.596795 2.37828
0.598681 2.37734
0.600571 2.37641
0.602465 2.37548
0.604363 2.37455
0.606265 2.37362
0.608171 2.3727
0.610081 2.37177
0.611995 2.37085
0.613912 2.36993
0.615834 2.36901
0.617759 2.3681
0.619688 2.36718
0.621622 2.36627
0.623559 2.36536
0.6255 2.36446
0.627445 2.36355
0.629394 2.36265
0.631347 2.36174
0.633304 2.36084
0.635265 2.35994
0.63723 2.35905
0.639199 2.35815
0.641172 2.35726
0.643148 2.35637
0.645129 2.35548
0.647114 2.35459
0.649103 2.35371
0.651095 2.35282
0.653092 2.35194
0.655093 2.35106
0.657097 2.35018
0.659106 2.34931
0.661118 2.34843
0.663135 2.34756
0.665155 2.34669
0.66718 2.34582
0.669209 2.34495
0.671241 2.34409
0.673278 2.34322
0.675318 2.34236
0.677363 2.3415
0.679412 2.34064
0.681464 2.33979
0.683521 2.33893
0.685582 2.33808
0.687646 2.33723
0.689715 2.33638
0.691788 2.33553
0.693865 2.33469
0.695946 2.33384
0.698031 2.333
0.700119 2.33216
0.702212 2.33132
0.70431 2.33048
0.706411 2.32965
0.708516 2.32882
0.710625 2.32798
0.712738 2.32715
0.714855 2.32633
0.716977 2.3255
0.719102 2.32468
0.721232 2.32385
0.723365 2.32303
0.725503 2.32221
0.727645 2.3214
0.729791 2.32058
0.73194 2.31977
0.734094 2.31895
0.736252 2.31814
0.738415 2.31733
0.740581 2.31653
0.742751 2.31572
0.744925 2.31492
0.747104 2.31411
0.749287 2.31331
0.751473 2.31252
0.753664 2.31172
0.755859 2.31092
0.758058 2.31013
0.760261 2.30934
0.762468 2.30855
0.76468 2.30776
0.766895 2.30697
0.769115 2.30619
0.771338 2.3054
0.773566 2.30462
0.775798 2.30384
0.778034 2.30306
0.780275 2.30229
0.782519 2.30151
0.784767 2.30074
0.78702 2.29997
0.789277 2.2992
0.791538 2.29843
0.793803 2.29766
0.796072 2.2969
0.798345 2.29613
0.800623 2.29537
0.802904 2.29461
0.80519 2.29385
0.80748 2.2931
0.809774 2.29234
0.812072 2.29159
0.814375 2.29084
0.816681 2.29008
0.818992 2.28934
0.821307 2.28859
0.823626 2.28784
0.825949 2.2871
0.828277 2.28636
0.830608 2.28562
0.832944 2.28488
0.835284 2.28414
0.837628 2.2834
0.839976 2.28267
0.842329 2.28194
0.844686 2.28121
0.847047 2.28048
0.849412 2.27975
0.851781 2.27902
0.854154 2.2783
0.856532 2.27758
0.858914 2.27685
0.8613 2.27613
0.86369 2.27542
0.866084 2.2747
0.868483 2.27398
0.870886 2.27327
0.873293 2.27256
0.875704 2.27185
0.87812 2.27114
0.880539 2.27043
0.882963 2.26973
0.885391 2.26902
0.887824 2.26832
0.89026 2.26762
0.892701 2.26692
0.895146 2.26622
0.897595 2.26552
0.900049 2.26483
0.902506 2.26414
0.904968 2.26345
0.907434 2.26276
0.909905 2.26207
0.912379 2.26138
0.914858 2.26069
0.917341 2.26001
0.919828 2.25933
0.92232 2.25865
0.924816 2.25797
0.927316 2.25729
0.92982 2.25661
0.932328 2.25594
0.934841 2.25527
0.937358 2.25459
0.939879 2.25392
0.942405 2.25325
0.944935 2.25259
0.947469 2.25192
0.950007 2.25126
0.952549 2.25059
0.955096 2.24993
0.957647 2.24927
0.960202 2.24861
0.962762 2.24796
0.965326 2.2473
0.967894 2.24665
0.970466 2.24599
0.973043 2.24534
0.975623 2.24469
0.978209 2.24405
0.980798 2.2434
0.983392 2.24276
0.985989 2.24211
0.988592 2.24147
0.991198 2.24083
0.993809 2.24019
0.996424 2.23955
0.999043 2.23892
1.00167 2.23828
1.00429 2.23765
1.00693 2.23702
1.00956 2.23639
1.0122 2.23576
1.01485 2.23513
1.0175 2.2345
1.02015 2.23388
1.02281 2.23326
1.02547 2.23263
1.02814 2.23201
1.03081 2.2314
1.03348 2.23078
1.03616 2.23016
1.03885 2.22955
1.04153 2.22893
1.04423 2.22832
1.04692 2.22771
1.04962 2.2271
1.05233 2.2265
1.05504 2.22589
1.05775 2.22529
1.06047 2.22468
1.06319 2.22408
1.06592 2.22348
1.06865 2.22288
1.07138 2.22228
1.07412 2.22169
1.07687 2.22109
1.07961 2.2205
1.08237 2.21991
1.08512 2.21932
1.08788 2.21873
1.09065 2.21814
1.09342 2.21756
1.09619 2.21697
1.09897 2.21639
1.10175 2.21581
1.10454 2.21523
1.10733 2.21465
1.11013 2.21407
1.11293 2.21349
1.11573 2.21292
1.11854 2.21234
1.12135 2.21177
1.12417 2.2112
1.12699 2.21063
1.12982 2.21006
1.13264 2.2095
1.13548 2.20893
1.13832 2.20837
1.14116 2.2078
1.14401 2.20724
1.14686 2.20668
1.14971 2.20612
1.15257 2.20557
1.15544 2.20501
1.15831 2.20446
1.16118 2.2039
1.16406 2.20335
1.16694 2.2028
1.16983 2.20225
1.17272 2.2017
1.17561 2.20116
1.17851 2.20061
1.18141 2.20007
1.18432 2.19953
1.18723 2.19898
1.19015 2.19844
1.19307 2.19791
1.19599 2.19737
1.19892 2.19683
1.20186 2.1963
1.20479 2.19577
1.20774 2.19523
1.21068 2.1947
1.21363 2.19417
1.21659 2.19365
1.21955 2.19312
1.22251 2.19259
1.22548 2.19207
1.22845 2.19155
1.23143 2.19103
1.23441 2.19051
1.23739 2.18999
1.24038 2.18947
1.24338 2.18895
1.24638 2.18844
1.24938 2.18793
1.25238 2.18742
1.2554 2.1869
1.25841 2.18639
1.26143 2.18589
1.26446 2.18538
1.26748 2.18487
1.27052 2.18437
1.27355 2.18387
1.27659 2.18336
1.27964 2.18286
1.28269 2.18236
1.28575 2.18187
1.2888 2.18137
1.29187 2.18088
1.29493 2.18038
1.29801 2.17989
1.30108 2.1794
1.30416 2.17891
1.30725 2.17842
1.31033 2.17793
1.31343 2.17744
1.31653 2.17696
1.31963 2.17647
1.32273 2.17599
1.32584 2.17551
1.32896 2.17503
1.33208 2.17455
1.3352 2.17408
1.33833 2.1736
1.34146 2.17312
1.3446 2.17265
1.34774 2.17218
1.34823 2.21382
1.34874 2.21111
1.34925 2.2084
1.34978 2.20569
1.35031 2.20299
1.35086 2.20028
1.35141 2.19759
1.35198 2.19489
1.35255 2.1922
1.35314 2.18951
1.35373 2.18683
1.35434 2.18415
1.35496 2.18147
1.35559 2.17879
1.35623 2.17612
1.35688 2.17345
1.35754 2.17078
1.35822 2.16812
1.3589 2.16546
1.3596 2.1628
1.36031 2.16015
1.36103 2.1575
1.36177 2.15485
1.36251 2.1522
1.36327 2.14956
1.36404 2.14692
1.36483 2.14429
1.36563 2.14166
1.36644 2.13903
1.36727 2.1364
1.3681 2.13378
1.36896 2.13116
1.36982 2.12854
1.3707 2.12593
1.3716 2.12332
1.37251 2.12071
1.37343 2.1181
1.37437 2.1155
1.37533 2.11291
1.3763 2.11031
1.37728 2.10772
1.37828 2.10513
1.3793 2.10254
1.38033 2.09996
1.38138 2.09738
1.38245 2.09481
1.38353 2.09223
1.38463 2.08966
1.38575 2.0871
1.38688 2.08453
1.38803 2.08197
1.3892 2.07941
1.39039 2.07686
1.39159 2.07431
1.39281 2.07176
1.39406 2.06921
1.39532 2.06667
1.3966 2.06413
1.39789 2.0616
1.39921 2.05907
1.40055 2.05654
1.40191 2.05401
1.40329 2.05149
1.40469 2.04897
1.40611 2.04645
1.40755 2.04393
1.40901 2.04142
1.4105 2.03892
1.412 2.03641
1.41353 2.03391
1.41508 2.03141
1.41665 2.02892
1.41825 2.02642
1.41987 2.02394
1.42151 2.02145
1.42318 2.01897
1.42487 2.01649
1.42658 2.01401
1.42832 2.01154
1.43009 2.00907
1.43187 2.0066
1.43369 2.00414
1.43553 2.00168
1.4374 1.99922
1.43929 1.99676
1.44121 1.99431
1.44316 1.99186
1.44513 1.98942
1.44714 1.98698
1.44917 1.98454
1.45123 1.9821
1.45332 1.97967
1.45543 1.97724
1.45758 1.97481
1.45976 1.97239
1.46196 1.96997
1.4642 1.96755
1.46647 1.96514
1.46877 1.96273
1.4711 1.96032
1.47347 1.95792
1.47586 1.95552
1.47829 1.95312
1.48075 1.95072
1.48325 1.94833
1.48578 1.94594
1.48834 1.94356
1.49094 1.94117
1.49358 1.93879
1.49625 1.93642
1.49895 1.93405
1.5017 1.93168
1.50448 1.92931
1.5073 1.92694
1.51015 1.92458
1.51304 1.92223
1.51598 1.91987
1.51895 1.91752
1.52196 1.91517
1.52501 1.91283
1.5281 1.91049
1.53124 1.90815
1.53441 1.90581
1.53763 1.90348
1.54089 1.90115
1.54419 1.89883
1.54754 1.8965
1.55093 1.89418
1.55437 1.89187
1.55785 1.88955
1.56137 1.88724
1.56495 1.88494
1.56857 1.88263
1.57223 1.88033
1.57595 1.87803
1.57971 1.87574
1.58352 1.87345
1.58739 1.87116
1.5913 1.86887
1.59526 1.86659
1.59928 1.86431
1.60334 1.86204
1.60746 1.85976
1.61163 1.85749
1.61586 1.85523
1.62014 1.85297
1.62448 1.85071
1.62887 1.84845
1.63332 1.8462
1.63782 1.84394
1.64239 1.8417
1.64701 1.83945
1.65169 1.83721
1.65643 1.83497
1.66123 1.83274
1.66609 1.83051
1.67101 1.82828
1.676 1.82605
1.68105 1.82383
1.68616 1.82161
1.69134 1.8194
1.69659 1.81719
1.7019 1.81498
1.70728 1.81277
1.71272 1.81057
1.71824 1.80837
1.72382 1.80617
1.72947 1.80398
1.7352 1.80179
1.741 1.7996
1.74687 1.79741
1.75281 1.79523
1.75883 1.79306
1.76492 1.79088
1.77109 1.78871
1.77734 1.78654
1.78366 1.78438
1.79007 1.78221
1.79655 1.78005
1.80311 1.7779
1.80976 1.77575
1.81649 1.7736
1.8233 1.77145
1.83019 1.76931
1.83717 1.76717
1.84424 1.76503
1.8514 1.7629
1.85864 1.76077
1.86597 1.75864
1.8734 1.75652
1.88091 1.75439
1.88852 1.75228
1.89622 1.75016
1.90401 1.74805
1.9119 1.74594
1.91989 1.74384
1.92798 1.74174
1.93616 1.73964
1.94445 1.73754
1.95283 1.73545
1.96132 1.73336
1.96991 1.73127
1.97861 1.72919
1.98741 1.72711
1.99632 1.72504
2.00534 1.72296
2.01447 1.72089
2.02371 1.71883
2.03306 1.71676
2.04253 1.7147
2.05211 1.71264
2.0618 1.71059
2.07162 1.70854
2.08155 1.70649
2.0916 1.70445
2.10177 1.7024
2.11207 1.70037
2.12249 1.69833
2.13303 1.6963
2.14371 1.69427
2.15451 1.69225
2.16544 1.69022
2.1765 1.6882
2.1877 1.68619
2.19902 1.68417
2.21049 1.68217
2.22209 1.68016
2.23383 1.67816
2.24571 1.67616
2.25774 1.67416
2.26991 1.67217
2.28222 1.67017
2.29468 1.66819
2.30729 1.6662
2.32004 1.66422
2.33295 1.66224
2.34602 1.66027
2.35924 1.6583
2.37261 1.65633
2.38615 1.65437
2.39984 1.6524
2.4137 1.65045
2.42772 1.64849
2.44191 1.64654
2.45626 1.64459
2.47079 1.64264
2.48549 1.6407
2.50036 1.63876
2.5154 1.63683
2.53063 1.63489
2.54603 1.63296
2.56161 1.63104
2.57738 1.62911
2.59334 1.62719
2.60948 1.62528
2.62581 1.62336
2.64233 1.62145
2.65905 1.61954
2.67596 1.61764
2.69307 1.61574
2.71038 1.61384
2.72789 1.61195
2.74561 1.61006
2.76353 1.60817
2.78167 1.60628
2.80002 1.6044
2.81858 1.60252
2.83735 1.60065
2.85635 1.59878
2.87556 1.59691
2.895 1.59504
2.91467 1.59318
2.93457 1.59132
2.95469 1.58946
2.97505 1.58761
2.99565 1.58576
3.01648 1.58392
3.03756 1.58207
3.05888 1.58023
3.08045 1.5784
3.10226 1.57656
3.12433 1.57473
3.14665 1.57291
3.16924 1.57108
3.19208 1.56926
3.21518 1.56744
3.23855 1.56563
3.2622 1.56382
3.28611 1.56201
3.3103 1.56021
3.33476 1.55841
3.35951 1.55661
3.38454 1.55481
3.40986 1.55302
3.43547 1.55123
3.46137 1.54945
3.48757 1.54767
3.51407 1.54589
3.54087 1.54411
3.56798 1.54234
3.5954 1.54057
3.62313 1.53881
3.65118 1.53704
3.67955 1.53529
3.70824 1.53353
3.73726 1.53178
3.76661 1.53003
3.7963 1.52828
3.82632 1.52654
3.85668 1.5248
3.88739 1.52306
3.91845 1.52133
3.94985 1.5196
3.98162 1.51787
4.01374 1.51615
4.04623 1.51443
4.07909 1.51271
4.11232 1.511
4.14592 1.50929
4.1799 1.50758
4.21427 1.50588
4.24903 1.50418
4.28417 1.50248
4.31972 1.50079
4.35566 1.49909
4.39201 1.49741
4.42877 1.49572
4.46594 1.49404
4.50353 1.49236
4.54154 1.49069
4.57998 1.48902
4.61884 1.48735
4.65815 1.48568
4.69789 1.48402
4.73808 1.48236
4.77872 1.48071
4.81982 1.47906
4.86137 1.47741
4.90339 1.47576
4.94587 1.47412
4.98883 1.47248
5.03227 1.47085
5.0762 1.46922
5.12061 1.46759
5.16552 1.46596
5.21092 1.46434
5.25683 1.46272
5.30325 1.4611
5.35019 1.45949
5.39765 1.45788
5.44563 1.45628
5.49414 1.45467
5.54319 1.45308
5.59279 1.45148
5.64293 1.44989
5.69363 1.4483
5.74488 1.44671
5.7967 1.44513
5.8491 1.44355
5.90207 1.44197
5.95562 1.4404
6.00977 1.43883
6.06451 1.43726
6.11985 1.4357
6.1758 1.43414
6.23236 1.43258
6.28954 1.43103
6.34735 1.42948
6.4058 1.42793
6.46488 1.42639
6.52461 1.42485
6.58499 1.42331
6.64604 1.42178
6.70775 1.42025
6.77013 1.41872
6.83319 1.4172
6.89694 1.41568
6.96139 1.41416
7.02653 1.41265
7.09239 1.41114
7.15895 1.40963
7.22625 1.40813
7.29427 1.40663
7.36303 1.40513
7.43253 1.40364
7.50279 1.40215
7.57381 1.40066
7.64559 1.39918
7.71815 1.39769
7.7915 1.39622
7.86563 1.39474
7.94056 1.39327
8.01631 1.39181
8.09286 1.39034
8.17024 1.38888
8.24845 1.38742
8.3275 1.38597
8.4074 1.38452
8.48816 1.38307
8.56978 1.38163
8.65228 1.38019
8.73565 1.37875
8.81992 1.37732
8.90509 1.37589
8.99117 1.37446
9.07817 1.37304
9.16609 1.37162
9.25495 1.3702
9.34476 1.36879
9.43552 1.36738
9.52724 1.36597
9.61994 1.36456
9.71362 1.36316
9.80829 1.36177
9.90397 1.36037
10.0007 1.35898
10.0984 1.3576
10.1971 1.35621
10.2969 1.35483
10.3977 1.35346
10.4996 1.35208
10.6026 1.35071
10.7066 1.34935
10.8118 1.34798
10.918 1.34662
11.0254 1.34527
11.1339 1.34391
11.2435 1.34256
11.3543 1.34122
11.4662 1.33987
11.5793 1.33854
11.6936 1.3372
11.8091 1.33587
11.9257 1.33454
12.0436 1.33321
12.1627 1.33189
12.2831 1.33057
12.4047 1.32925
12.5276 1.32794
12.6517 1.32663
12.7771 1.32533
12.9038 1.32402
13.0318 1.32272
13.1612 1.32143
13.2919 1.32014
13.4239 1.31885
13.5572 1.31756
13.692 1.31628
13.8281 1.315
13.9657 1.31373
14.1046 1.31246
14.245 1.31119
14.3868 1.30992
14.53 1.30866
14.6747 1.3074
14.8209 1.30615
14.9685 1.3049
15.1177 1.30365
15.2684 1.30241
15.4206 1.30117
15.5744 1.29993
15.7297 1.29869
15.8866 1.29746
16.0451 1.29624
16.2051 1.29501
16.3668 1.29379
16.5301 1.29258
16.6951 1.29136
16.8617 1.29015
17.03 1.28895
17.2 1.28774
17.3717 1.28655
17.5451 1.28535
17.7202 1.28416
17.8971 1.28297
18.0757 1.28178
18.2561 1.2806
18.4384 1.27942
18.6224 1.27825
18.8082 1.27707
18.9959 1.27591
19.1855 1.27474
19.3769 1.27358
19.5702 1.27242
19.7655 1.27127
19.9626 1.27012
20.1617 1.26897
20.3628 1.26783
20.5658 1.26669
20.7708 1.26555
20.9778 1.26442
21.1868 1.26329
21.3979 1.26216
21.611 1.26104
21.8263 1.25992
22.0436 1.2588
22.263 1.25769
22.4845 1.25658
22.7082 1.25548
22.934 1.25437
22.9448 1.25765
22.9555 1.25655
22.9663 1.25545
22.9771 1.25436
22.988 1.25326
22.9989 1.25216
23.0098 1.25106
23.0208 1.24996
23.0318 1.24886
23.0429 1.24777
23.054 1.24667
23.0651 1.24557
23.0763 1.24447
23.0875 1.24337
23.0988 1.24226
23.1101 1.24116
23.1214 1.24006
23.1328 1.23896
23.1442 1.23786
23.1557 1.23676
23.1672 1.23565
23.1787 1.23455
23.1903 1.23345
23.2019 1.23234
23.2135 1.23124
23.2253 1.23013
23.237 1.22903
23.2488 1.22792
23.2606 1.22682
23.2725 1.22571
23.2844 1.22461
23.2963 1.2235
23.3083 1.2224
23.3204 1.22129
23.3325 1.22018
23.3446 1.21907
23.3568 1.21797
23.369 1.21686
23.3813 1.21575
23.3936 1.21464
23.4059 1.21353
23.4183 1.21242
23.4307 1.21131
23.4432 1.2102
23.4558 1.20909
23.4683 1.20798
23.481 1.20687
23.4936 1.20576
23.5063 1.20465
23.5191 1.20354
23.5319 1.20243
23.5448 1.20131
23.5577 1.2002
23.5706 1.19909
23.5836 1.19797
23.5967 1.19686
23.6098 1.19575
23.6229 1.19463
23.6361 1.19352
23.6493 1.1924
23.6626 1.19129
23.676 1.19017
23.6893 1.18906
23.7028 1.18794
23.7163 1.18682
23.7298 1.18571
23.7434 1.18459
23.757 1.18347
23.7707 1.18235
23.7845 1.18123
23.7982 1.18012
23.8121 1.179
23.826 1.17788
23.8399 1.17676
23.8539 1.17564
23.868 1.17452
23.8821 1.1734
23.8962 1.17228
23.9105 1.17115
23.9247 1.17003
23.939 1.16891
23.9534 1.16779
23.9678 1.16667
23.9823 1.16554
23.9969 1.16442
24.0115 1.1633
24.0261 1.16217
24.0408 1.16105
24.0556 1.15992
24.0704 1.1588
24.0853 1.15767
24.1002 1.15655
24.1152 1.15542
24.1302 1.1543
24.1453 1.15317
24.1605 1.15204
24.1757 1.15091
24.191 1.14979
24.2063 1.14866
24.2217 1.14753
24.2372 1.1464
24.2527 1.14527
24.2683 1.14414
24.2839 1.14301
24.2996 1.14188
24.3154 1.14075
24.3312 1.13962
24.3471 1.13849
24.363 1.13736
24.379 1.13623
24.3951 1.1351
24.4112 1.13396
24.4274 1.13283
24.4437 1.1317
24.46 1.13056
24.4764 1.12943
24.4929 1.1283
24.5094 1.12716
24.5259 1.12603
24.5426 1.12489
24.5593 1.12376
24.5761 1.12262
24.5929 1.12148
24.6098 1.12035
24.6268 1.11921
24.6439 1.11807
24.661 1.11693
24.6782 1.1158
24.6954 1.11466
24.7127 1.11352
24.7301 1.11238
24.7476 1.11124
24.7651 1.1101
24.7827 1.10896
24.8004 1.10782
24.8181 1.10668
24.836 1.10554
24.8538 1.10439
24.8718 1.10325
24.8898 1.10211
24.9079 1.10097
24.9261 1.09982
24.9444 1.09868
24.9627 1.09754
24.9811 1.09639
24.9996 1.09525
25.0181 1.0941
25.0367 1.09296
25.0554 1.09181
25.0742 1.09067
25.0931 1.08952
25.112 1.08837
25.131 1.08723
25.1501 1.08608
25.1693 1.08493
25.1885 1.08378
25.2078 1.08263
25.2272 1.08148
25.2467 1.08033
25.2663 1.07918
25.2859 1.07803
25.3057 1.07688
25.3255 1.07573
25.3454 1.07458
25.3654 1.07343
25.3854 1.07228
25.4056 1.07113
25.4258 1.06997
25.4461 1.06882
25.4665 1.06767
25.487 1.06651
25.5075 1.06536
25.5282 1.0642
25.5489 1.06305
25.5698 1.06189
25.5907 1.06074
25.6117 1.05958
25.6328 1.05842
25.654 1.05727
25.6752 1.05611
25.6966 1.05495
25.7181 1.05379
25.7396 1.05263
25.7613 1.05148
25.783 1.05032
25.8048 1.04916
25.8267 1.048
25.8487 1.04684
25.8708 1.04567
25.893 1.04451
25.9153 1.04335
25.9377 1.04219
25.9602 1.04103
25.9828 1.03986
26.0055 1.0387
26.0283 1.03754
26.0511 1.03637
26.0741 1.03521
26.0972 1.03404
26.1204 1.03288
26.1437 1.03171
26.167 1.03055
26.1905 1.02938
26.2141 1.02821
26.2378 1.02705
26.2616 1.02588
26.2855 1.02471
26.3095 1.02354
26.3336 1.02237
26.3578 1.0212
26.3821 1.02004
26.4066 1.01887
26.4311 1.01769
26.4558 1.01652
26.4805 1.01535
26.5054 1.01418
26.5303 1.01301
26.5554 1.01184
26.5806 1.01066
26.6059 1.00949
26.6314 1.00832
26.6569 1.00714
26.6825 1.00597
26.7083 1.00479
26.7342 1.00362
26.7602 1.00244
26.7863 1.00127
26.8125 1.00009
26.8389 0.998912
26.8654 0.997734
26.8919 0.996556
26.9187 0.995378
26.9455 0.994199
26.9724 0.99302
26.9995 0.991841
27.0267 0.990661
27.054 0.98948
27.0815 0.988299
27.1091 0.987118
27.1368 0.985937
27.1646 0.984754
27.1925 0.983572
27.2206 0.982389
27.2488 0.981206
27.2772 0.980022
27.3056 0.978838
27.3342 0.977653
27.363 0.976468
27.3919 0.975282
27.4209 0.974096
27.45 0.97291
27.4793 0.971723
27.5087 0.970536
27.5382 0.969348
27.5679 0.96816
27.5977 0.966972
27.6277 0.965783
27.6578 0.964593
27.688 0.963403
27.7184 0.962213
27.749 0.961022
27.7796 0.959831
27.8105 0.958639
27.8414 0.957447
27.8725 0.956255
27.9038 0.955062
27.9352 0.953868
27.9668 0.952675
27.9985 0.95148
28.0303 0.950286
28.0623 0.94909
28.0945 0.947895
28.1268 0.946699
28.1593 0.945502
28.1919 0.944305
28.2247 0.943108
28.2576 0.94191
28.2907 0.940712
28.324 0.939513
28.3574 0.938314
28.391 0.937114
28.4248 0.935914
28.4587 0.934713
28.4927 0.933512
28.527 0.932311
28.5614 0.931109
28.596 0.929906
28.6307 0.928703
28.6656 0.9275
28.7007 0.926296
28.736 0.925092
28.7714 0.923887
28.807 0.922682
28.8428 0.921476
28.8787 0.92027
28.9149 0.919063
28.9512 0.917856
28.9877 0.916649
29.0244 0.915441
29.0612 0.914232
29.0982 0.913023
29.1355 0.911814
29.1729 0.910604
29.2105 0.909393
29.2483 0.908182
29.2862 0.906971
29.3244 0.905759
29.3628 0.904547
29.4013 0.903334
29.4401 0.902121
29.479 0.900907
29.5181 0.899693
29.5575 0.898478
29.597 0.897263
29.6368 0.896047
29.6767 0.894831
29.7168 0.893615
29.7572 0.892397
29.7977 0.89118
29.8385 0.889962
29.8795 0.888743
29.9207 0.887524
29.962 0.886304
30.0037 0.885084
30.0455 0.883864
30.0875 0.882643
30.1298 0.881421
30.1722 0.880199
30.2149 0.878977
30.2578 0.877754
30.301 0.87653
30.3443 0.875306
30.3879 0.874081
30.4317 0.872856
30.4758 0.871631
30.5201 0.870405
30.5646 0.869178
30.6093 0.867951
30.6543 0.866724
30.6995 0.865496
30.745 0.864267
30.7907 0.863038
30.8366 0.861808
30.8828 0.860578
30.9292 0.859348
30.9759 0.858116
31.0228 0.856885
31.07 0.855653
31.1174 0.85442
31.1651 0.853187
31.213 0.851953
31.2612 0.850719
31.3096 0.849484
31.3583 0.848249
31.4073 0.847013
31.4566 0.845777
31.5061 0.84454
31.5558 0.843302
31.6059 0.842064
31.6562 0.840826
31.7068 0.839587
31.7577 0.838348
31.8088 0.837108
31.8602 0.835867
31.9119 0.834626
31.9639 0.833384
32.0162 0.832142
32.0688 0.830899
32.1216 0.829656
32.1748 0.828412
32.2282 0.827168
32.2819 0.825923
32.336 0.824678
32.3903 0.823432
32.4449 0.822185
32.4999 0.820938
32.5551 0.819691
32.6107 0.818443
32.6666 0.817194
32.7227 0.815945
32.7792 0.814695
32.8361 0.813445
32.8932 0.812194
32.9506 0.810942
33.0084 0.80969
33.0665 0.808438
33.125 0.807185
33.1838 0.805931
33.2429 0.804677
33.3023 0.803422
33.3621 0.802167
33.4222 0.800911
33.4827 0.799654
33.5435 0.798397
33.6047 0.79714
33.6662 0.795882
33.7281 0.794623
33.7903 0.793364
33.8529 0.792104
33.9159 0.790843
33.9792 0.789582
34.0429 0.788321
34.107 0.787058
34.1714 0.785796
34.2363 0.784532
34.3015 0.783268
34.367 0.782004
34.433 0.780739
34.4994 0.779473
34.5661 0.778207
34.6332 0.77694
34.7008 0.775673
34.7687 0.774405
34.8371 0.773136
34.9058 0.771867
34.975 0.770597
35.0445 0.769327
35.1145 0.768056
35.1849 0.766784
35.2558 0.765512
35.327 0.764239
35.3987 0.762966
35.4708 0.761692
35.5434 0.760417
35.6164 0.759142
35.6898 0.757866
35.7637 0.75659
35.838 0.755313
35.9128 0.754035
35.9881 0.752757
36.0638 0.751478
36.1399 0.750199
36.2166 0.748919
36.2937 0.747638
36.3712 0.746357
36.4493 0.745075
36.5278 0.743792
36.6069 0.742509
36.6864 0.741225
36.7664 0.739941
36.8469 0.738656
36.9279 0.73737
37.0094 0.736084
37.0915 0.734797
37.174 0.733509
37.2571 0.732221
37.3407 0.730932
37.4248 0.729643
37.5094 0.728353
37.5946 0.727062
37.6803 0.725771
37.7666 0.724479
37.8534 0.723186
37.9408 0.721893
38.0287 0.720599
38.1172 0.719304
38.2063 0.718009
38.2959 0.716713
38.3861 0.715416
38.4769 0.714119
38.5683 0.712821
38.6602 0.711523
38.7528 0.710223
38.846 0.708924
38.9397 0.707623
39.0341 0.706322
39.1291 0.70502
39.2247 0.703717
39.321 0.702414
39.4179 0.70111
39.5154 0.699806
39.6136 0.698501
39.7124 0.697195
39.8118 0.695888
39.912 0.694581
40.0127 0.693273
40.1142 0.691964
40.2163 0.690655
40.3192 0.689345
40.4227 0.688034
40.5269 0.686723
40.6318 0.685411
40.7374 0.684098
40.8437 0.682785
40.9508 0.681471
41.0585 0.680156
41.167 0.67884
41.2763 0.677524
41.3863 0.676207
41.497 0.67489
41.6085 0.673571
41.7207 0.672252
41.8338 0.670932
41.9476 0.669612
42.0622 0.668291
42.1775 0.666969
42.2937 0.665646
42.4107 0.664323
42.5285 0.662999
42.6471 0.661674
42.7666 0.660347
42.8869 0.659021
43.008 0.657694
43.13 0.656366
43.2528 0.655038
43.3765 0.653709
43.5011 0.652379
43.6265 0.651048
43.7529 0.649717
43.8801 0.648385
44.0083 0.647052
44.1373 0.645719
44.2673 0.644384
44.3983 0.643049
44.5301 0.641713
44.6629 0.640377
44.7967 0.639039
44.9314 0.637701
45.0671 0.636362
45.2038 0.635023
45.3415 0.633682
45.4802 0.632341
45.6199 0.630999
45.7607 0.629657
45.9024 0.628313
46.0452 0.626969
46.1891 0.625624
46.334 0.624278
46.48 0.622932
46.6271 0.621584
46.7752 0.620236
46.9245 0.618887
47.0749 0.617538
47.2264 0.616187
47.379 0.614836
47.5328 0.613484
47.6877 0.612131
47.8439 0.610777
48.0012 0.609423
48.1596 0.608067
48.3193 0.606711
48.4802 0.605355
48.6423 0.603997
48.8057 0.602638
48.9703 0.601279
49.1362 0.599919
49.3034 0.598558
49.4718 0.597196
49.6416 0.595834
49.8126 0.59447
49.985 0.593106
50.1587 0.591741
50.3338 0.590375
50.5103 0.589008
50.6881 0.587641
50.8673 0.586272
51.048 0.584903
51.23 0.583533
51.4135 0.582162
51.5985 0.58079
51.7849 0.579417
51.9728 0.578044
52.1622 0.576669
52.3531 0.575294
52.5456 0.573918
52.7396 0.572541
52.9351 0.571163
53.1323 0.569785
53.331 0.568405
53.5313 0.567025
53.7333 0.565643
53.9369 0.564261
54.1422 0.562878
54.3491 0.561494
54.5578 0.560109
54.7681 0.558723
54.9802 0.557337
55.1941 0.555949
55.4097 0.554561
55.6271 0.553171
55.8463 0.551781
56.0673 0.55039
56.2902 0.548998
56.515 0.547605
56.7416 0.546211
56.9702 0.544816
57.2007 0.54342
57.4331 0.542024
57.6675 0.540626
57.9039 0.539228
58.1423 0.537828
58.3828 0.536428
58.6253 0.535027
58.8699 0.533624
59.1166 0.532221
59.3654 0.530817
59.6164 0.529412
59.8695 0.528006
60.1249 0.526599
60.3824 0.525191
60.6423 0.523782
60.9044 0.522372
61.1688 0.520961
61.4355 0.519549
61.7046 0.518137
61.9761 0.516723
62.25 0.515308
62.5263 0.513892
62.805 0.512476
63.0863 0.511058
63.3701 0.509639
63.6564 0.508219
63.9454 0.506799
64.2369 0.505377
64.5311 0.503954
64.8279 0.50253
65.1274 0.501106
65.4297 0.49968
65.7348 0.498253
66.0426 0.496825
66.3533 0.495397
66.6668 0.493967
66.9833 0.492536
67.3026 0.491104
67.625 0.489671
67.9503 0.488237
68.2787 0.486802
68.6102 0.485366
68.9448 0.483928
69.2825 0.48249
69.6235 0.481051
69.9676 0.479611
70.3151 0.478169
70.6658 0.476727
71.0199 0.475283
71.3774 0.473838
71.7383 0.472393
72.1027 0.470946
72.4706 0.469498
72.8421 0.468049
73.2172 0.466599
73.596 0.465147
73.9784 0.463695
74.3646 0.462242
74.7546 0.460787
75.1484 0.459331
75.5462 0.457874
75.9478 0.456417
76.3535 0.454957
76.7632 0.453497
77.177 0.452036
77.5949 0.450573
78.0171 0.44911
78.4435 0.447645
78.8742 0.446179
79.3093 0.444712
79.7488 0.443244
80.1928 0.441774
80.6413 0.440303
81.0944 0.438832
81.5522 0.437359
82.0148 0.435885
82.4821 0.434409
