0.000353355 3.87208
0.000710194 3.86375
0.00107054 3.85548
0.00143442 3.84724
0.00180186 3.83904
0.00217287 3.83089
0.0025475 3.82278
0.00292575 3.8147
0.00330766 3.80668
0.00369325 3.79869
0.00408254 3.79075
0.00447556 3.78284
0.00487234 3.77497
0.0052729 3.76715
0.00567726 3.75937
0.00608546 3.75162
0.00649751 3.74392
0.00691344 3.73624
0.00733327 3.72861
0.00775704 3.72103
0.00818477 3.71347
0.00861648 3.70595
0.00905221 3.69848
0.00949196 3.69104
0.00993578 3.68364
0.0103837 3.67627
0.0108357 3.66893
0.0112919 3.66165
0.0117522 3.65438
0.0122167 3.64716
0.0126855 3.63998
0.0131585 3.63282
0.0136357 3.62571
0.0141173 3.61863
0.0146032 3.61158
0.0150934 3.60456
0.015588 3.59759
0.0160871 3.59064
0.0165905 3.58374
0.0170985 3.57686
0.0176109 3.57001
0.0181278 3.56321
0.0186493 3.55642
0.0191753 3.54968
0.019706 3.54297
0.0202412 3.53629
0.0207812 3.52963
0.0213258 3.52302
0.0218751 3.51643
0.0224291 3.50988
0.022988 3.50336
0.0235516 3.49686
0.02412 3.4904
0.0246933 3.48397
0.0252715 3.47757
0.0258545 3.47121
0.0264425 3.46486
0.0270355 3.45855
0.0276335 3.45227
0.0282365 3.44602
0.0288445 3.4398
0.0294576 3.43361
0.0300758 3.42744
0.0306992 3.4213
0.0313277 3.4152
0.0319614 3.40912
0.0326004 3.40307
0.0332445 3.39705
0.033894 3.39105
0.0345488 3.38509
0.0352089 3.37915
0.0358744 3.37323
0.0365453 3.36735
0.0372216 3.36149
0.0379034 3.35566
0.0385907 3.34986
0.0392835 3.34408
0.0399818 3.33833
0.0406857 3.3326
0.0413952 3.3269
0.0421104 3.32123
0.0428312 3.31558
0.0435577 3.30996
0.04429 3.30437
0.045028 3.29879
0.0457718 3.29324
0.0465214 3.28773
0.0472768 3.28223
0.0480382 3.27675
0.0488054 3.27131
0.0495786 3.26588
0.0503578 3.26048
0.0511429 3.25511
0.0519341 3.24976
0.0527314 3.24443
0.0535347 3.23913
0.0543442 3.23385
0.0551598 3.2286
0.0559816 3.22336
0.0568097 3.21815
0.0576439 3.21297
0.0584845 3.2078
0.0593314 3.20266
0.0601846 3.19754
0.0610442 3.19244
0.0619101 3.18737
0.0627826 3.18232
0.0636615 3.17729
0.0645468 3.17228
0.0654388 3.16729
0.0663372 3.16233
0.0672423 3.15738
0.068154 3.15247
0.0690724 3.14756
0.0699974 3.14269
0.0709292 3.13783
0.0718677 3.13299
0.072813 3.12818
0.0737651 3.12338
0.0747241 3.11861
0.0756899 3.11386
0.0766626 3.10912
0.0776423 3.10441
0.078629 3.09972
0.0796227 3.09505
0.0806234 3.09039
0.0816312 3.08576
0.0826461 3.08115
0.0836681 3.07656
0.0846973 3.07198
0.0857337 3.06743
0.0867773 3.0629
0.0878282 3.05838
0.0888864 3.05388
0.0899519 3.04941
0.0910248 3.04495
0.0921051 3.04051
0.0931928 3.03609
0.094288 3.03168
0.0953906 3.0273
0.0965008 3.02294
0.0976185 3.01859
0.0987439 3.01426
0.0998768 3.00995
0.101017 3.00566
0.102166 3.00139
0.103322 2.99713
0.104486 2.99289
0.105657 2.98867
0.106836 2.98446
0.108024 2.98028
0.109219 2.97611
0.110422 2.97196
0.111633 2.96782
0.112852 2.96371
0.114079 2.95961
0.115314 2.95552
0.116557 2.95146
0.117808 2.94741
0.119068 2.94338
0.120335 2.93936
0.121611 2.93536
0.122895 2.93138
0.124187 2.92742
0.125488 2.92346
0.126797 2.91953
0.128114 2.91561
0.12944 2.91171
0.130774 2.90783
0.132117 2.90396
0.133468 2.9001
0.134828 2.89627
0.136196 2.89244
0.137573 2.88864
0.138959 2.88485
0.140353 2.88107
0.141756 2.87731
0.143168 2.87356
0.144589 2.86983
0.146018 2.86612
0.147456 2.86242
0.148903 2.85873
0.150359 2.85506
0.151824 2.85141
0.153298 2.84777
0.154781 2.84414
0.156273 2.84053
0.157774 2.83694
0.159284 2.83335
0.160803 2.82978
0.162332 2.82623
0.163869 2.82269
0.165416 2.81917
0.166973 2.81566
0.168538 2.81216
0.170113 2.80868
0.171697 2.80521
0.173291 2.80175
0.174894 2.79831
0.176506 2.79489
0.178129 2.79147
0.17976 2.78807
0.181401 2.78469
0.183052 2.78131
0.184713 2.77795
0.186383 2.77461
0.188063 2.77127
0.189752 2.76796
0.191451 2.76465
0.193161 2.76135
0.19488 2.75808
0.196608 2.75481
0.198347 2.75155
0.200096 2.74831
0.201855 2.74508
0.203623 2.74187
0.205402 2.73867
0.207191 2.73547
0.20899 2.7323
0.210799 2.72913
0.212618 2.72598
0.214447 2.72284
0.216287 2.71971
0.218137 2.71659
0.219997 2.71349
0.221868 2.7104
0.223749 2.70732
0.22564 2.70426
0.227542 2.7012
0.229454 2.69816
0.231377 2.69513
0.23331 2.69211
0.235254 2.6891
0.237208 2.68611
0.239173 2.68312
0.241149 2.68015
0.243135 2.67719
0.245132 2.67424
0.24714 2.6713
0.249158 2.66838
0.251188 2.66546
0.253228 2.66256
0.255279 2.65967
0.257341 2.65679
0.259414 2.65392
0.261498 2.65106
0.263593 2.64822
0.265699 2.64538
0.267816 2.64255
0.269945 2.63974
0.272084 2.63694
0.274235 2.63415
0.276396 2.63137
0.278569 2.6286
0.280754 2.62583
0.282949 2.62309
0.285156 2.62035
0.287374 2.61762
0.289604 2.61491
0.291845 2.6122
0.294097 2.6095
0.296361 2.60682
0.298637 2.60414
0.300924 2.60148
0.303222 2.59883
0.305532 2.59618
0.307854 2.59355
0.310188 2.59092
0.312533 2.58831
0.31489 2.58571
0.317259 2.58311
0.319639 2.58053
0.322031 2.57796
0.324436 2.5754
0.326852 2.57284
0.32928 2.5703
0.331719 2.56777
0.334171 2.56524
0.336635 2.56273
0.339111 2.56022
0.341599 2.55773
0.344099 2.55525
0.346611 2.55277
0.349136 2.55031
0.351672 2.54785
0.354221 2.5454
0.356782 2.54297
0.359355 2.54054
0.361941 2.53812
0.364538 2.53571
0.367149 2.53331
0.369771 2.53092
0.372406 2.52854
0.375054 2.52617
0.377714 2.5238
0.380386 2.52145
0.383071 2.5191
0.385769 2.51677
0.388479 2.51444
0.391202 2.51212
0.393937 2.50982
0.396685 2.50752
0.399446 2.50522
0.40222 2.50294
0.405006 2.50067
0.407805 2.49841
0.410617 2.49615
0.413442 2.4939
0.416279 2.49167
0.41913 2.48944
0.421993 2.48721
0.42487 2.485
0.427759 2.4828
0.430661 2.4806
0.433577 2.47842
0.436505 2.47624
0.439447 2.47407
0.442402 2.47191
0.445369 2.46975
0.44835 2.46761
0.451345 2.46547
0.454352 2.46334
0.457373 2.46123
0.460407 2.45911
0.463454 2.45701
0.466515 2.45491
0.469589 2.45283
0.472676 2.45075
0.475777 2.44868
0.478891 2.44661
0.482019 2.44456
0.48516 2.44251
0.488314 2.44047
0.491482 2.43844
0.494664 2.43642
0.49786 2.4344
0.501069 2.4324
0.504291 2.43039
0.507527 2.4284
0.510777 2.42642
0.514041 2.42444
0.517318 2.42247
0.520609 2.42051
0.523914 2.41856
0.527233 2.41661
0.530566 2.41467
0.533912 2.41274
0.537272 2.41082
0.540647 2.4089
0.544035 2.407
0.547437 2.40509
0.550853 2.4032
0.554283 2.40132
0.557727 2.39944
0.561185 2.39757
0.564657 2.3957
0.568144 2.39385
0.571644 2.392
0.575159 2.39015
0.578687 2.38832
0.58223 2.38649
0.585787 2.38467
0.589358 2.38286
0.592944 2.38105
0.596544 2.37925
0.600158 2.37746
0.603786 2.37568
0.607429 2.3739
0.611086 2.37213
0.614758 2.37037
0.618443 2.36861
0.622144 2.36686
0.625858 2.36512
0.629588 2.36338
0.633331 2.36165
0.637089 2.35993
0.640862 2.35822
0.644649 2.35651
0.648451 2.35481
0.652267 2.35311
0.656098 2.35142
0.659944 2.34974
0.663804 2.34807
0.667679 2.3464
0.671568 2.34474
0.675473 2.34308
0.679392 2.34143
0.683325 2.33979
0.687274 2.33816
0.691237 2.33653
0.695215 2.33491
0.699208 2.33329
0.703215 2.33168
0.707238 2.33008
0.711275 2.32849
0.715327 2.3269
0.719394 2.32532
0.723476 2.32374
0.727573 2.32217
0.731685 2.32061
0.735812 2.31905
0.739954 2.3175
0.744111 2.31595
0.748283 2.31441
0.752469 2.31288
0.756671 2.31136
0.760888 2.30984
0.76512 2.30832
0.769368 2.30681
0.77363 2.30531
0.777907 2.30382
0.7822 2.30233
0.786507 2.30085
0.79083 2.29937
0.795168 2.2979
0.799521 2.29644
0.80389 2.29498
0.808274 2.29352
0.812672 2.29208
0.817087 2.29064
0.821516 2.2892
0.825961 2.28778
0.830421 2.28635
0.834896 2.28494
0.839387 2.28353
0.843893 2.28212
0.848414 2.28072
0.852951 2.27933
0.857503 2.27794
0.86207 2.27656
0.866653 2.27518
0.871252 2.27381
0.875865 2.27245
0.880494 2.27109
0.885139 2.26974
0.889799 2.26839
0.894475 2.26705
0.899166 2.26571
0.903872 2.26439
0.908594 2.26306
0.913332 2.26174
0.918085 2.26043
0.922853 2.25912
0.927637 2.25782
0.932437 2.25653
0.937252 2.25523
0.942083 2.25395
0.946929 2.25267
0.951791 2.2514
0.956669 2.25013
0.961562 2.24886
0.966471 2.24761
0.971395 2.24636
0.976335 2.24511
0.981291 2.24387
0.986262 2.24263
0.991249 2.2414
0.996252 2.24018
1.00127 2.23896
1.0063 2.23774
1.01135 2.23653
1.01642 2.23533
1.0215 2.23413
1.0266 2.23294
1.03171 2.23175
1.03684 2.23057
1.04198 2.22939
1.04714 2.22822
1.05232 2.22705
1.05751 2.22589
1.06272 2.22474
1.06794 2.22359
1.07318 2.22244
1.07843 2.2213
1.0837 2.22016
1.08899 2.21903
1.09429 2.21791
1.09961 2.21679
1.10494 2.21567
1.11029 2.21456
1.11565 2.21346
1.12103 2.21236
1.12643 2.21126
1.13184 2.21017
1.13727 2.20909
1.14271 2.20801
1.14817 2.20694
1.15365 2.20587
1.15914 2.2048
1.16465 2.20374
1.17017 2.20269
1.17571 2.20164
1.18126 2.20059
1.18684 2.19955
1.19242 2.19852
1.19802 2.19749
1.20364 2.19646
1.20928 2.19544
1.21492 2.19443
1.22059 2.19341
1.22627 2.19241
1.23197 2.19141
1.23768 2.19041
1.24341 2.18942
1.24915 2.18843
1.25491 2.18745
1.26069 2.18647
1.26648 2.1855
1.27229 2.18454
1.27811 2.18357
1.28395 2.18261
1.28981 2.18166
1.29568 2.18071
1.30157 2.17977
1.30747 2.17883
1.31339 2.17789
1.31932 2.17696
1.32527 2.17604
1.33124 2.17512
1.33722 2.1742
1.34322 2.17329
1.34923 2.17238
1.35526 2.17148
1.36131 2.17058
1.36737 2.16969
1.37344 2.1688
1.37954 2.16792
1.38564 2.16704
1.39177 2.16617
1.39791 2.16529
1.40406 2.16443
1.41023 2.16357
1.41642 2.16271
1.42262 2.16186
1.42884 2.16101
1.43507 2.16017
1.44132 2.15933
1.44759 2.15849
1.45387 2.15766
1.46017 2.15684
1.46648 2.15602
1.47281 2.1552
1.47915 2.15439
1.48551 2.15358
1.49189 2.15278
1.49828 2.15198
1.50468 2.15118
1.5111 2.15039
1.51754 2.14961
1.52399 2.14883
1.53046 2.14805
1.53695 2.14728
1.54345 2.14651
1.54996 2.14574
1.55649 2.14498
1.56304 2.14423
1.5696 2.14348
1.57618 2.14273
1.58277 2.14199
1.58938 2.14125
1.596 2.14051
1.60264 2.13978
1.6093 2.13906
1.61597 2.13834
1.62265 2.13762
1.62936 2.13691
1.63607 2.1362
1.6428 2.13549
1.64955 2.13479
1.65631 2.13409
1.66309 2.1334
1.66989 2.13271
1.67669 2.13203
1.68352 2.13135
1.69036 2.13068
1.69721 2.13
1.70408 2.12934
1.71097 2.12867
1.71787 2.12801
1.72478 2.12736
1.73171 2.12671
1.73866 2.12606
1.74562 2.12542
1.7526 2.12478
1.75959 2.12415
1.7666 2.12352
1.77362 2.12289
1.78065 2.12227
1.78771 2.12165
1.79477 2.12103
1.80186 2.12042
1.80895 2.11982
1.81606 2.11922
1.82319 2.11862
1.83033 2.11802
1.83749 2.11744
1.84466 2.11685
1.85185 2.11626
1.85905 2.11569
1.86627 2.11511
1.8735 2.11454
1.88075 2.11398
1.88801 2.11341
1.89528 2.11285
1.90257 2.1123
1.90988 2.11175
1.9172 2.1112
1.92453 2.11066
1.93188 2.11012
1.93925 2.10959
1.94663 2.10906
1.95402 2.10853
1.96143 2.108
1.96885 2.10749
1.97629 2.10697
1.98374 2.10646
1.99121 2.10595
1.99869 2.10545
2.00619 2.10495
2.01369 2.10445
2.02122 2.10396
2.02876 2.10347
2.03631 2.10299
2.04388 2.10251
2.05146 2.10203
2.05906 2.10156
2.06667 2.10109
2.07429 2.10062
2.08193 2.10016
2.08958 2.0997
2.09725 2.09925
2.10493 2.0988
2.11263 2.09835
2.12034 2.09791
2.12806 2.09747
2.1358 2.09703
2.14355 2.0966
2.15132 2.09617
2.1591 2.09575
2.16689 2.09533
2.1747 2.09491
2.18252 2.0945
2.19036 2.09409
2.19821 2.09369
2.20607 2.09328
2.21395 2.09288
2.22184 2.09249
2.22975 2.0921
2.23766 2.09171
2.2456 2.09133
2.25354 2.09095
2.2615 2.09057
2.26947 2.0902
2.27746 2.08983
2.28546 2.08947
2.29347 2.08911
2.3015 2.08875
2.30954 2.0884
2.3176 2.08805
2.32566 2.0877
2.33374 2.08736
2.34184 2.08702
2.34995 2.08668
2.35807 2.08635
2.3662 2.08602
2.37435 2.0857
2.38251 2.08538
2.39068 2.08506
2.39887 2.08475
2.40707 2.08443
2.41528 2.08413
2.42351 2.08383
2.43174 2.08353
2.44 2.08323
2.44826 2.08294
2.45654 2.08265
2.46483 2.08237
2.47313 2.08208
2.48145 2.08181
2.48977 2.08153
2.49812 2.08126
2.50647 2.08099
2.51484 2.08073
2.52322 2.08047
2.53161 2.08021
2.54001 2.07996
2.54843 2.07971
2.55686 2.07947
2.5653 2.07922
2.57375 2.07898
2.58222 2.07875
2.5907 2.07852
2.59919 2.07829
2.60769 2.07806
2.61621 2.07784
2.62474 2.07762
2.63328 2.07741
2.64183 2.0772
2.65039 2.07699
2.65897 2.07679
2.66756 2.07659
2.67616 2.07639
2.68477 2.0762
2.69339 2.07601
2.70203 2.07582
2.71068 2.07564
2.71934 2.07546
2.72801 2.07528
2.73669 2.07511
2.74539 2.07494
2.75409 2.07478
2.76281 2.07461
2.77154 2.07446
2.78028 2.0743
2.78903 2.07415
2.7978 2.074
2.80657 2.07385
2.81536 2.07371
2.82416 2.07358
2.83296 2.07344
2.84178 2.07331
2.85062 2.07318
2.85946 2.07306
2.86831 2.07294
2.87718 2.07282
2.88605 2.07271
2.89494 2.0726
2.90384 2.07249
2.91275 2.07239
2.92167 2.07229
2.9306 2.07219
2.93954 2.0721
2.94849 2.07201
2.95745 2.07192
2.96642 2.07184
2.97541 2.07176
2.9844 2.07168
2.99341 2.07161
3.00242 2.07154
3.01145 2.07147
3.02048 2.07141
3.02953 2.07135
3.03859 2.07129
3.04765 2.07124
3.05673 2.07119
3.06582 2.07115
3.07492 2.0711
3.08402 2.07106
3.09314 2.07103
3.10227 2.071
3.11141 2.07097
3.12055 2.07094
3.12971 2.07092
3.13888 2.0709
3.14806 2.07088
3.15724 2.07087
3.16644 2.07086
3.17564 2.07086
3.18486 2.07086
3.19409 2.07086
3.20332 2.07086
3.21256 2.07087
3.22182 2.07088
3.23108 2.0709
3.24035 2.07092
3.24963 2.07094
3.25892 2.07096
3.26822 2.07099
3.27753 2.07102
3.28685 2.07106
3.29618 2.07109
3.30551 2.07114
3.31486 2.07118
3.32421 2.07123
3.33358 2.07128
3.34295 2.07133
3.35233 2.07139
3.36172 2.07145
3.37111 2.07152
3.38052 2.07159
3.38994 2.07166
3.39936 2.07173
3.40879 2.07181
3.41823 2.07189
3.42768 2.07198
3.43714 2.07207
3.4466 2.07216
3.45608 2.07225
3.46556 2.07235
3.47505 2.07245
3.48454 2.07256
3.49405 2.07267
3.50356 2.07278
3.51309 2.07289
3.52262 2.07301
3.53215 2.07313
3.5417 2.07325
3.55125 2.07338
3.56081 2.07351
3.57038 2.07365
3.57995 2.07379
3.58954 2.07393
3.59913 2.07407
3.60873 2.07422
3.61833 2.07437
3.62795 2.07453
3.63757 2.07468
3.64719 2.07484
3.65683 2.07501
3.66647 2.07518
3.67612 2.07535
3.68577 2.07552
3.69544 2.0757
3.70511 2.07588
3.71478 2.07606
3.72447 2.07625
3.73416 2.07644
3.74385 2.07664
3.75356 2.07684
3.76327 2.07703
3.77298 2.07724
3.78271 2.07745
3.79244 2.07766
3.80217 2.07787
3.81191 2.07809
3.82166 2.07831
3.83142 2.07853
3.84118 2.07876
3.85094 2.07899
3.86072 2.07922
3.8705 2.07946
3.88028 2.0797
3.89007 2.07995
3.89987 2.08019
3.90967 2.08044
3.91948 2.0807
3.9293 2.08095
3.93912 2.08121
3.94894 2.08148
3.95877 2.08174
3.96861 2.08201
3.97845 2.08229
3.9883 2.08256
3.99815 2.08284
4.00801 2.08313
4.01787 2.08341
4.02774 2.0837
4.03761 2.084
4.04749 2.08429
4.05738 2.08459
4.06726 2.0849
4.07716 2.0852
4.08706 2.08551
4.09696 2.08583
4.10687 2.08614
4.11678 2.08646
4.1267 2.08679
4.13662 2.08711
4.14654 2.08744
4.15648 2.08778
4.16641 2.08811
4.17635 2.08845
4.18629 2.0888
4.19624 2.08914
4.20619 2.08949
4.21615 2.08985
4.22611 2.0902
4.23608 2.09056
4.24604 2.09092
4.25602 2.09129
4.26599 2.09166
4.27597 2.09203
4.28596 2.09241
4.29594 2.09279
4.30593 2.09317
4.31593 2.09356
4.32593 2.09395
4.33593 2.09434
4.34593 2.09474
4.35594 2.09514
4.36596 2.09554
4.37597 2.09594
4.38599 2.09635
4.39601 2.09677
4.40603 2.09718
4.41606 2.0976
4.42609 2.09803
4.43613 2.09845
4.44616 2.09888
4.4562 2.09932
4.46624 2.09975
4.47629 2.10019
4.48634 2.10064
4.49638 2.10108
4.50644 2.10153
4.51649 2.10199
4.52655 2.10244
4.53661 2.1029
4.54667 2.10337
4.55674 2.10383
4.5668 2.1043
4.57687 2.10478
4.58694 2.10525
4.59701 2.10573
4.60709 2.10622
4.61716 2.1067
4.62724 2.10719
4.63732 2.10769
4.6474 2.10818
4.65749 2.10868
4.66757 2.10919
4.67766 2.10969
4.68775 2.1102
4.69784 2.11072
4.70793 2.11123
4.71802 2.11176
4.72812 2.11228
4.73821 2.11281
4.74831 2.11334
4.7584 2.11387
4.7685 2.11441
4.7786 2.11495
4.7887 2.1155
4.7988 2.11604
4.80891 2.1166
4.81901 2.11715
4.82911 2.11771
4.83922 2.11827
4.84932 2.11884
4.85943 2.1194
4.86954 2.11998
4.87964 2.12055
4.88975 2.12113
4.89986 2.12171
4.90996 2.1223
4.92007 2.12288
4.93018 2.12348
4.94029 2.12408
4.9504 2.12467
4.9605 2.12528
4.97061 2.12588
4.98072 2.12649
4.99083 2.12711
5.00094 2.12772
5.01104 2.12834
5.02115 2.12897
5.03126 2.12959
5.04136 2.13022
5.05147 2.13086
5.06157 2.1315
5.07168 2.13213
5.08178 2.13278
5.09189 2.13343
5.10199 2.13408
5.11209 2.13473
5.12219 2.13539
5.13229 2.13605
5.14239 2.13672
5.15249 2.13739
5.16258 2.13806
5.17268 2.13874
5.18277 2.13942
5.19287 2.1401
5.20296 2.14078
5.21305 2.14148
5.22314 2.14216
5.23323 2.14286
5.24331 2.14357
5.2534 2.14427
5.26348 2.14498
5.27356 2.14568
5.28364 2.1464
5.29372 2.14712
5.30379 2.14784
5.31386 2.14856
5.32394 2.1493
5.33401 2.15002
5.34407 2.15076
5.35414 2.1515
5.3642 2.15224
5.37426 2.15299
5.38432 2.15374
5.39438 2.15449
5.40443 2.15525
5.41448 2.15601
5.42453 2.15677
5.43457 2.15754
5.44462 2.15832
5.45466 2.15909
5.4647 2.15987
5.47473 2.16066
5.48476 2.16144
5.49479 2.16223
5.50482 2.16302
5.51484 2.16382
5.52486 2.16462
5.53488 2.16543
5.54489 2.16623
5.5549 2.16704
5.57752 2.15903
5.59994 2.16113
5.62218 2.16322
5.64424 2.1653
5.66611 2.16736
5.6878 2.16941
5.70931 2.17144
5.73064 2.17346
5.7518 2.17547
5.77278 2.17747
5.79359 2.17945
5.81424 2.18142
5.83471 2.18338
5.85502 2.18532
5.87516 2.18725
5.89514 2.18917
5.91496 2.19108
5.93462 2.19297
5.95412 2.19485
5.97346 2.19672
5.99265 2.19858
6.01169 2.20042
6.03058 2.20225
6.04931 2.20406
6.0679 2.20587
6.08634 2.20766
6.10463 2.20944
6.12278 2.21121
6.14079 2.21296
6.15866 2.21471
6.17638 2.21644
6.19397 2.21816
6.21142 2.21986
6.22873 2.22156
6.24592 2.22324
6.26296 2.22491
6.27988 2.22656
6.29666 2.22821
6.31332 2.22984
6.32985 2.23146
6.34625 2.23307
6.36252 2.23467
6.37867 2.23626
6.3947 2.23783
6.41061 2.23939
6.42639 2.24094
6.44206 2.24248
6.45761 2.24401
6.47304 2.24552
6.48835 2.24703
6.50355 2.24852
6.51863 2.25
6.5336 2.25147
6.54846 2.25293
6.56321 2.25437
6.57784 2.25581
6.59237 2.25723
6.60679 2.25864
6.62111 2.26004
6.63531 2.26143
6.64942 2.26281
6.66341 2.26418
6.67731 2.26553
6.6911 2.26688
6.70479 2.26821
6.71838 2.26954
6.73187 2.27085
6.74527 2.27215
6.75856 2.27344
6.77176 2.27472
6.78486 2.27599
6.79786 2.27725
6.81078 2.27849
6.82359 2.27973
6.83632 2.28096
6.84895 2.28217
6.86149 2.28338
6.87394 2.28457
6.88631 2.28576
6.89858 2.28693
6.91076 2.28809
6.92286 2.28924
6.93487 2.29039
6.9468 2.29152
6.95863 2.29264
6.97039 2.29375
6.98206 2.29485
6.99365 2.29594
7.00515 2.29703
7.01658 2.2981
7.02482 1.99963
7.03469 1.93137
7.0467 1.86569
7.06138 1.80254
7.0792 1.74185
7.10061 1.68355
7.12609 1.62758
7.15607 1.57387
7.19101 1.52236
7.23137 1.47296
7.27763 1.42562
7.33029 1.38026
7.38987 1.33683
7.45689 1.29526
7.53192 1.25549
7.61552 1.21746
7.70827 1.18111
7.81076 1.1464
7.92361 1.11326
8.04741 1.08166
8.18275 1.05155
8.33019 1.02288
8.49029 0.995611
8.66355 0.969712
8.85041 0.945142
9.05125 0.921871
9.26639 0.899871
9.49605 0.879108
9.74031 0.859562
9.99914 0.841206
10.2724 0.824017
10.5596 0.807978
10.8605 0.793066
11.1742 0.779261
11.5 0.76655
11.8368 0.754913
12.1834 0.744333
12.5385 0.734794
12.9006 0.726278
13.2681 0.71877
13.6392 0.712252
14.0124 0.706704
14.3856 0.70211
14.7572 0.698449
15.1254 0.695702
15.4886 0.693848
